[0.235s] DEBUG:colcon:Command line arguments: ['/usr/bin/colcon', 'build', '--packages-select', 'logs_test']
[0.235s] DEBUG:colcon:Parsed command line arguments: Namespace(log_base=None, log_level=None, verb_name='build', build_base='build', install_base='install', merge_install=False, symlink_install=False, test_result_base=None, continue_on_error=False, executor='parallel', parallel_workers=8, event_handlers=None, ignore_user_meta=False, metas=['./colcon.meta'], base_paths=['.'], packages_ignore=None, packages_ignore_regex=None, paths=None, packages_up_to=None, packages_up_to_regex=None, packages_above=None, packages_above_and_dependencies=None, packages_above_depth=None, packages_select_by_dep=None, packages_skip_by_dep=None, packages_skip_up_to=None, packages_select_build_failed=False, packages_skip_build_finished=False, packages_select_test_failures=False, packages_skip_test_passed=False, packages_select=['logs_test'], packages_skip=None, packages_select_regex=None, packages_skip_regex=None, packages_start=None, packages_end=None, cmake_args=None, cmake_target=None, cmake_target_skip_unavailable=False, cmake_clean_cache=False, cmake_clean_first=False, cmake_force_configure=False, ament_cmake_args=None, catkin_cmake_args=None, catkin_skip_building_tests=False, mixin_files=None, mixin=None, verb_parser=<colcon_mixin.mixin.mixin_argument.MixinArgumentDecorator object at 0x7f31a1ecb5e0>, verb_extension=<colcon_core.verb.build.BuildVerb object at 0x7f31a1ecaf20>, main=<bound method BuildVerb.main of <colcon_core.verb.build.BuildVerb object at 0x7f31a1ecaf20>>, mixin_verb=('build',))
[0.277s] Level 1:colcon.colcon_core.package_discovery:discover_packages(colcon_meta) check parameters
[0.277s] Level 1:colcon.colcon_core.package_discovery:discover_packages(recursive) check parameters
[0.277s] Level 1:colcon.colcon_core.package_discovery:discover_packages(ignore) check parameters
[0.277s] Level 1:colcon.colcon_core.package_discovery:discover_packages(path) check parameters
[0.277s] Level 1:colcon.colcon_core.package_discovery:discover_packages(colcon_meta) discover
[0.277s] Level 1:colcon.colcon_core.package_discovery:discover_packages(recursive) discover
[0.277s] INFO:colcon.colcon_core.package_discovery:Crawling recursively for packages in '/home/user/ros2_ws'
[0.277s] Level 1:colcon.colcon_core.package_identification:_identify(.) by extensions ['ignore', 'ignore_ament_install']
[0.278s] Level 1:colcon.colcon_core.package_identification:_identify(.) by extension 'ignore'
[0.278s] Level 1:colcon.colcon_core.package_identification:_identify(.) by extension 'ignore_ament_install'
[0.278s] Level 1:colcon.colcon_core.package_identification:_identify(.) by extensions ['colcon_pkg']
[0.278s] Level 1:colcon.colcon_core.package_identification:_identify(.) by extension 'colcon_pkg'
[0.278s] Level 1:colcon.colcon_core.package_identification:_identify(.) by extensions ['colcon_meta']
[0.278s] Level 1:colcon.colcon_core.package_identification:_identify(.) by extension 'colcon_meta'
[0.278s] Level 1:colcon.colcon_core.package_identification:_identify(.) by extensions ['ros']
[0.278s] Level 1:colcon.colcon_core.package_identification:_identify(.) by extension 'ros'
[0.297s] Level 1:colcon.colcon_core.package_identification:_identify(.) by extensions ['cmake', 'python']
[0.297s] Level 1:colcon.colcon_core.package_identification:_identify(.) by extension 'cmake'
[0.297s] Level 1:colcon.colcon_core.package_identification:_identify(.) by extension 'python'
[0.297s] Level 1:colcon.colcon_core.package_identification:_identify(.) by extensions ['python_setup_py']
[0.297s] Level 1:colcon.colcon_core.package_identification:_identify(.) by extension 'python_setup_py'
[0.297s] Level 1:colcon.colcon_core.package_identification:_identify(build) by extensions ['ignore', 'ignore_ament_install']
[0.297s] Level 1:colcon.colcon_core.package_identification:_identify(build) by extension 'ignore'
[0.297s] Level 1:colcon.colcon_core.package_identification:_identify(build) ignored
[0.297s] Level 1:colcon.colcon_core.package_identification:_identify(install) by extensions ['ignore', 'ignore_ament_install']
[0.297s] Level 1:colcon.colcon_core.package_identification:_identify(install) by extension 'ignore'
[0.298s] Level 1:colcon.colcon_core.package_identification:_identify(install) ignored
[0.298s] Level 1:colcon.colcon_core.package_identification:_identify(log) by extensions ['ignore', 'ignore_ament_install']
[0.298s] Level 1:colcon.colcon_core.package_identification:_identify(log) by extension 'ignore'
[0.298s] Level 1:colcon.colcon_core.package_identification:_identify(log) ignored
[0.298s] Level 1:colcon.colcon_core.package_identification:_identify(src) by extensions ['ignore', 'ignore_ament_install']
[0.298s] Level 1:colcon.colcon_core.package_identification:_identify(src) by extension 'ignore'
[0.298s] Level 1:colcon.colcon_core.package_identification:_identify(src) by extension 'ignore_ament_install'
[0.298s] Level 1:colcon.colcon_core.package_identification:_identify(src) by extensions ['colcon_pkg']
[0.298s] Level 1:colcon.colcon_core.package_identification:_identify(src) by extension 'colcon_pkg'
[0.298s] Level 1:colcon.colcon_core.package_identification:_identify(src) by extensions ['colcon_meta']
[0.298s] Level 1:colcon.colcon_core.package_identification:_identify(src) by extension 'colcon_meta'
[0.298s] Level 1:colcon.colcon_core.package_identification:_identify(src) by extensions ['ros']
[0.298s] Level 1:colcon.colcon_core.package_identification:_identify(src) by extension 'ros'
[0.298s] Level 1:colcon.colcon_core.package_identification:_identify(src) by extensions ['cmake', 'python']
[0.299s] Level 1:colcon.colcon_core.package_identification:_identify(src) by extension 'cmake'
[0.299s] Level 1:colcon.colcon_core.package_identification:_identify(src) by extension 'python'
[0.299s] Level 1:colcon.colcon_core.package_identification:_identify(src) by extensions ['python_setup_py']
[0.299s] Level 1:colcon.colcon_core.package_identification:_identify(src) by extension 'python_setup_py'
[0.299s] Level 1:colcon.colcon_core.package_identification:_identify(src/actions_quiz) by extensions ['ignore', 'ignore_ament_install']
[0.299s] Level 1:colcon.colcon_core.package_identification:_identify(src/actions_quiz) by extension 'ignore'
[0.299s] Level 1:colcon.colcon_core.package_identification:_identify(src/actions_quiz) by extension 'ignore_ament_install'
[0.299s] Level 1:colcon.colcon_core.package_identification:_identify(src/actions_quiz) by extensions ['colcon_pkg']
[0.299s] Level 1:colcon.colcon_core.package_identification:_identify(src/actions_quiz) by extension 'colcon_pkg'
[0.299s] Level 1:colcon.colcon_core.package_identification:_identify(src/actions_quiz) by extensions ['colcon_meta']
[0.299s] Level 1:colcon.colcon_core.package_identification:_identify(src/actions_quiz) by extension 'colcon_meta'
[0.299s] Level 1:colcon.colcon_core.package_identification:_identify(src/actions_quiz) by extensions ['ros']
[0.299s] Level 1:colcon.colcon_core.package_identification:_identify(src/actions_quiz) by extension 'ros'
[0.302s] DEBUG:colcon.colcon_core.package_identification:Package 'src/actions_quiz' with type 'ros.ament_cmake' and name 'actions_quiz'
[0.303s] Level 1:colcon.colcon_core.package_identification:_identify(src/actions_quiz_msg) by extensions ['ignore', 'ignore_ament_install']
[0.303s] Level 1:colcon.colcon_core.package_identification:_identify(src/actions_quiz_msg) by extension 'ignore'
[0.303s] Level 1:colcon.colcon_core.package_identification:_identify(src/actions_quiz_msg) by extension 'ignore_ament_install'
[0.303s] Level 1:colcon.colcon_core.package_identification:_identify(src/actions_quiz_msg) by extensions ['colcon_pkg']
[0.303s] Level 1:colcon.colcon_core.package_identification:_identify(src/actions_quiz_msg) by extension 'colcon_pkg'
[0.303s] Level 1:colcon.colcon_core.package_identification:_identify(src/actions_quiz_msg) by extensions ['colcon_meta']
[0.303s] Level 1:colcon.colcon_core.package_identification:_identify(src/actions_quiz_msg) by extension 'colcon_meta'
[0.303s] Level 1:colcon.colcon_core.package_identification:_identify(src/actions_quiz_msg) by extensions ['ros']
[0.303s] Level 1:colcon.colcon_core.package_identification:_identify(src/actions_quiz_msg) by extension 'ros'
[0.304s] DEBUG:colcon.colcon_core.package_identification:Package 'src/actions_quiz_msg' with type 'ros.ament_cmake' and name 'actions_quiz_msg'
[0.304s] Level 1:colcon.colcon_core.package_identification:_identify(src/build) by extensions ['ignore', 'ignore_ament_install']
[0.304s] Level 1:colcon.colcon_core.package_identification:_identify(src/build) by extension 'ignore'
[0.304s] Level 1:colcon.colcon_core.package_identification:_identify(src/build) ignored
[0.304s] Level 1:colcon.colcon_core.package_identification:_identify(src/client_pkg) by extensions ['ignore', 'ignore_ament_install']
[0.304s] Level 1:colcon.colcon_core.package_identification:_identify(src/client_pkg) by extension 'ignore'
[0.304s] Level 1:colcon.colcon_core.package_identification:_identify(src/client_pkg) by extension 'ignore_ament_install'
[0.305s] Level 1:colcon.colcon_core.package_identification:_identify(src/client_pkg) by extensions ['colcon_pkg']
[0.305s] Level 1:colcon.colcon_core.package_identification:_identify(src/client_pkg) by extension 'colcon_pkg'
[0.305s] Level 1:colcon.colcon_core.package_identification:_identify(src/client_pkg) by extensions ['colcon_meta']
[0.305s] Level 1:colcon.colcon_core.package_identification:_identify(src/client_pkg) by extension 'colcon_meta'
[0.305s] Level 1:colcon.colcon_core.package_identification:_identify(src/client_pkg) by extensions ['ros']
[0.305s] Level 1:colcon.colcon_core.package_identification:_identify(src/client_pkg) by extension 'ros'
[0.306s] DEBUG:colcon.colcon_core.package_identification:Package 'src/client_pkg' with type 'ros.ament_cmake' and name 'client_pkg'
[0.306s] Level 1:colcon.colcon_core.package_identification:_identify(src/custom_interfaces) by extensions ['ignore', 'ignore_ament_install']
[0.306s] Level 1:colcon.colcon_core.package_identification:_identify(src/custom_interfaces) by extension 'ignore'
[0.306s] Level 1:colcon.colcon_core.package_identification:_identify(src/custom_interfaces) by extension 'ignore_ament_install'
[0.306s] Level 1:colcon.colcon_core.package_identification:_identify(src/custom_interfaces) by extensions ['colcon_pkg']
[0.306s] Level 1:colcon.colcon_core.package_identification:_identify(src/custom_interfaces) by extension 'colcon_pkg'
[0.306s] Level 1:colcon.colcon_core.package_identification:_identify(src/custom_interfaces) by extensions ['colcon_meta']
[0.306s] Level 1:colcon.colcon_core.package_identification:_identify(src/custom_interfaces) by extension 'colcon_meta'
[0.306s] Level 1:colcon.colcon_core.package_identification:_identify(src/custom_interfaces) by extensions ['ros']
[0.306s] Level 1:colcon.colcon_core.package_identification:_identify(src/custom_interfaces) by extension 'ros'
[0.307s] DEBUG:colcon.colcon_core.package_identification:Package 'src/custom_interfaces' with type 'ros.ament_cmake' and name 'custom_interfaces'
[0.308s] Level 1:colcon.colcon_core.package_identification:_identify(src/executors_exercises_pkg) by extensions ['ignore', 'ignore_ament_install']
[0.308s] Level 1:colcon.colcon_core.package_identification:_identify(src/executors_exercises_pkg) by extension 'ignore'
[0.308s] Level 1:colcon.colcon_core.package_identification:_identify(src/executors_exercises_pkg) by extension 'ignore_ament_install'
[0.308s] Level 1:colcon.colcon_core.package_identification:_identify(src/executors_exercises_pkg) by extensions ['colcon_pkg']
[0.308s] Level 1:colcon.colcon_core.package_identification:_identify(src/executors_exercises_pkg) by extension 'colcon_pkg'
[0.308s] Level 1:colcon.colcon_core.package_identification:_identify(src/executors_exercises_pkg) by extensions ['colcon_meta']
[0.308s] Level 1:colcon.colcon_core.package_identification:_identify(src/executors_exercises_pkg) by extension 'colcon_meta'
[0.308s] Level 1:colcon.colcon_core.package_identification:_identify(src/executors_exercises_pkg) by extensions ['ros']
[0.308s] Level 1:colcon.colcon_core.package_identification:_identify(src/executors_exercises_pkg) by extension 'ros'
[0.309s] DEBUG:colcon.colcon_core.package_identification:Package 'src/executors_exercises_pkg' with type 'ros.ament_cmake' and name 'executors_exercises_pkg'
[0.309s] Level 1:colcon.colcon_core.package_identification:_identify(src/exercise42_pkg) by extensions ['ignore', 'ignore_ament_install']
[0.309s] Level 1:colcon.colcon_core.package_identification:_identify(src/exercise42_pkg) by extension 'ignore'
[0.310s] Level 1:colcon.colcon_core.package_identification:_identify(src/exercise42_pkg) by extension 'ignore_ament_install'
[0.310s] Level 1:colcon.colcon_core.package_identification:_identify(src/exercise42_pkg) by extensions ['colcon_pkg']
[0.310s] Level 1:colcon.colcon_core.package_identification:_identify(src/exercise42_pkg) by extension 'colcon_pkg'
[0.310s] Level 1:colcon.colcon_core.package_identification:_identify(src/exercise42_pkg) by extensions ['colcon_meta']
[0.310s] Level 1:colcon.colcon_core.package_identification:_identify(src/exercise42_pkg) by extension 'colcon_meta'
[0.310s] Level 1:colcon.colcon_core.package_identification:_identify(src/exercise42_pkg) by extensions ['ros']
[0.310s] Level 1:colcon.colcon_core.package_identification:_identify(src/exercise42_pkg) by extension 'ros'
[0.311s] DEBUG:colcon.colcon_core.package_identification:Package 'src/exercise42_pkg' with type 'ros.ament_cmake' and name 'exercise42_pkg'
[0.311s] Level 1:colcon.colcon_core.package_identification:_identify(src/install) by extensions ['ignore', 'ignore_ament_install']
[0.311s] Level 1:colcon.colcon_core.package_identification:_identify(src/install) by extension 'ignore'
[0.311s] Level 1:colcon.colcon_core.package_identification:_identify(src/install) ignored
[0.311s] Level 1:colcon.colcon_core.package_identification:_identify(src/log) by extensions ['ignore', 'ignore_ament_install']
[0.311s] Level 1:colcon.colcon_core.package_identification:_identify(src/log) by extension 'ignore'
[0.311s] Level 1:colcon.colcon_core.package_identification:_identify(src/log) ignored
[0.311s] Level 1:colcon.colcon_core.package_identification:_identify(src/logs_test) by extensions ['ignore', 'ignore_ament_install']
[0.312s] Level 1:colcon.colcon_core.package_identification:_identify(src/logs_test) by extension 'ignore'
[0.312s] Level 1:colcon.colcon_core.package_identification:_identify(src/logs_test) by extension 'ignore_ament_install'
[0.312s] Level 1:colcon.colcon_core.package_identification:_identify(src/logs_test) by extensions ['colcon_pkg']
[0.314s] Level 1:colcon.colcon_core.package_identification:_identify(src/logs_test) by extension 'colcon_pkg'
[0.315s] Level 1:colcon.colcon_core.package_identification:_identify(src/logs_test) by extensions ['colcon_meta']
[0.315s] Level 1:colcon.colcon_core.package_identification:_identify(src/logs_test) by extension 'colcon_meta'
[0.315s] Level 1:colcon.colcon_core.package_identification:_identify(src/logs_test) by extensions ['ros']
[0.315s] Level 1:colcon.colcon_core.package_identification:_identify(src/logs_test) by extension 'ros'
[0.315s] DEBUG:colcon.colcon_core.package_identification:Package 'src/logs_test' with type 'ros.ament_cmake' and name 'logs_test'
[0.316s] Level 1:colcon.colcon_core.package_identification:_identify(src/movement_pkg) by extensions ['ignore', 'ignore_ament_install']
[0.316s] Level 1:colcon.colcon_core.package_identification:_identify(src/movement_pkg) by extension 'ignore'
[0.316s] Level 1:colcon.colcon_core.package_identification:_identify(src/movement_pkg) by extension 'ignore_ament_install'
[0.316s] Level 1:colcon.colcon_core.package_identification:_identify(src/movement_pkg) by extensions ['colcon_pkg']
[0.316s] Level 1:colcon.colcon_core.package_identification:_identify(src/movement_pkg) by extension 'colcon_pkg'
[0.316s] Level 1:colcon.colcon_core.package_identification:_identify(src/movement_pkg) by extensions ['colcon_meta']
[0.316s] Level 1:colcon.colcon_core.package_identification:_identify(src/movement_pkg) by extension 'colcon_meta'
[0.316s] Level 1:colcon.colcon_core.package_identification:_identify(src/movement_pkg) by extensions ['ros']
[0.316s] Level 1:colcon.colcon_core.package_identification:_identify(src/movement_pkg) by extension 'ros'
[0.317s] DEBUG:colcon.colcon_core.package_identification:Package 'src/movement_pkg' with type 'ros.ament_cmake' and name 'movement_pkg'
[0.317s] Level 1:colcon.colcon_core.package_identification:_identify(src/my_action_client) by extensions ['ignore', 'ignore_ament_install']
[0.317s] Level 1:colcon.colcon_core.package_identification:_identify(src/my_action_client) by extension 'ignore'
[0.317s] Level 1:colcon.colcon_core.package_identification:_identify(src/my_action_client) by extension 'ignore_ament_install'
[0.317s] Level 1:colcon.colcon_core.package_identification:_identify(src/my_action_client) by extensions ['colcon_pkg']
[0.317s] Level 1:colcon.colcon_core.package_identification:_identify(src/my_action_client) by extension 'colcon_pkg'
[0.317s] Level 1:colcon.colcon_core.package_identification:_identify(src/my_action_client) by extensions ['colcon_meta']
[0.317s] Level 1:colcon.colcon_core.package_identification:_identify(src/my_action_client) by extension 'colcon_meta'
[0.317s] Level 1:colcon.colcon_core.package_identification:_identify(src/my_action_client) by extensions ['ros']
[0.317s] Level 1:colcon.colcon_core.package_identification:_identify(src/my_action_client) by extension 'ros'
[0.318s] DEBUG:colcon.colcon_core.package_identification:Package 'src/my_action_client' with type 'ros.ament_cmake' and name 'my_action_client'
[0.318s] Level 1:colcon.colcon_core.package_identification:_identify(src/my_action_server) by extensions ['ignore', 'ignore_ament_install']
[0.319s] Level 1:colcon.colcon_core.package_identification:_identify(src/my_action_server) by extension 'ignore'
[0.319s] Level 1:colcon.colcon_core.package_identification:_identify(src/my_action_server) by extension 'ignore_ament_install'
[0.319s] Level 1:colcon.colcon_core.package_identification:_identify(src/my_action_server) by extensions ['colcon_pkg']
[0.319s] Level 1:colcon.colcon_core.package_identification:_identify(src/my_action_server) by extension 'colcon_pkg'
[0.319s] Level 1:colcon.colcon_core.package_identification:_identify(src/my_action_server) by extensions ['colcon_meta']
[0.319s] Level 1:colcon.colcon_core.package_identification:_identify(src/my_action_server) by extension 'colcon_meta'
[0.319s] Level 1:colcon.colcon_core.package_identification:_identify(src/my_action_server) by extensions ['ros']
[0.319s] Level 1:colcon.colcon_core.package_identification:_identify(src/my_action_server) by extension 'ros'
[0.320s] DEBUG:colcon.colcon_core.package_identification:Package 'src/my_action_server' with type 'ros.ament_cmake' and name 'my_action_server'
[0.320s] Level 1:colcon.colcon_core.package_identification:_identify(src/my_package) by extensions ['ignore', 'ignore_ament_install']
[0.320s] Level 1:colcon.colcon_core.package_identification:_identify(src/my_package) by extension 'ignore'
[0.320s] Level 1:colcon.colcon_core.package_identification:_identify(src/my_package) by extension 'ignore_ament_install'
[0.320s] Level 1:colcon.colcon_core.package_identification:_identify(src/my_package) by extensions ['colcon_pkg']
[0.320s] Level 1:colcon.colcon_core.package_identification:_identify(src/my_package) by extension 'colcon_pkg'
[0.320s] Level 1:colcon.colcon_core.package_identification:_identify(src/my_package) by extensions ['colcon_meta']
[0.320s] Level 1:colcon.colcon_core.package_identification:_identify(src/my_package) by extension 'colcon_meta'
[0.320s] Level 1:colcon.colcon_core.package_identification:_identify(src/my_package) by extensions ['ros']
[0.320s] Level 1:colcon.colcon_core.package_identification:_identify(src/my_package) by extension 'ros'
[0.321s] DEBUG:colcon.colcon_core.package_identification:Package 'src/my_package' with type 'ros.ament_cmake' and name 'my_package'
[0.328s] Level 1:colcon.colcon_core.package_identification:_identify(src/services_quiz) by extensions ['ignore', 'ignore_ament_install']
[0.328s] Level 1:colcon.colcon_core.package_identification:_identify(src/services_quiz) by extension 'ignore'
[0.328s] Level 1:colcon.colcon_core.package_identification:_identify(src/services_quiz) by extension 'ignore_ament_install'
[0.328s] Level 1:colcon.colcon_core.package_identification:_identify(src/services_quiz) by extensions ['colcon_pkg']
[0.328s] Level 1:colcon.colcon_core.package_identification:_identify(src/services_quiz) by extension 'colcon_pkg'
[0.328s] Level 1:colcon.colcon_core.package_identification:_identify(src/services_quiz) by extensions ['colcon_meta']
[0.328s] Level 1:colcon.colcon_core.package_identification:_identify(src/services_quiz) by extension 'colcon_meta'
[0.328s] Level 1:colcon.colcon_core.package_identification:_identify(src/services_quiz) by extensions ['ros']
[0.328s] Level 1:colcon.colcon_core.package_identification:_identify(src/services_quiz) by extension 'ros'
[0.329s] DEBUG:colcon.colcon_core.package_identification:Package 'src/services_quiz' with type 'ros.ament_cmake' and name 'services_quiz'
[0.330s] Level 1:colcon.colcon_core.package_identification:_identify(src/services_quiz_srv) by extensions ['ignore', 'ignore_ament_install']
[0.330s] Level 1:colcon.colcon_core.package_identification:_identify(src/services_quiz_srv) by extension 'ignore'
[0.330s] Level 1:colcon.colcon_core.package_identification:_identify(src/services_quiz_srv) by extension 'ignore_ament_install'
[0.330s] Level 1:colcon.colcon_core.package_identification:_identify(src/services_quiz_srv) by extensions ['colcon_pkg']
[0.330s] Level 1:colcon.colcon_core.package_identification:_identify(src/services_quiz_srv) by extension 'colcon_pkg'
[0.330s] Level 1:colcon.colcon_core.package_identification:_identify(src/services_quiz_srv) by extensions ['colcon_meta']
[0.330s] Level 1:colcon.colcon_core.package_identification:_identify(src/services_quiz_srv) by extension 'colcon_meta'
[0.330s] Level 1:colcon.colcon_core.package_identification:_identify(src/services_quiz_srv) by extensions ['ros']
[0.330s] Level 1:colcon.colcon_core.package_identification:_identify(src/services_quiz_srv) by extension 'ros'
[0.332s] DEBUG:colcon.colcon_core.package_identification:Package 'src/services_quiz_srv' with type 'ros.ament_cmake' and name 'services_quiz_srv'
[0.332s] Level 1:colcon.colcon_core.package_identification:_identify(src/topic_publisher_pkg) by extensions ['ignore', 'ignore_ament_install']
[0.333s] Level 1:colcon.colcon_core.package_identification:_identify(src/topic_publisher_pkg) by extension 'ignore'
[0.333s] Level 1:colcon.colcon_core.package_identification:_identify(src/topic_publisher_pkg) by extension 'ignore_ament_install'
[0.333s] Level 1:colcon.colcon_core.package_identification:_identify(src/topic_publisher_pkg) by extensions ['colcon_pkg']
[0.333s] Level 1:colcon.colcon_core.package_identification:_identify(src/topic_publisher_pkg) by extension 'colcon_pkg'
[0.333s] Level 1:colcon.colcon_core.package_identification:_identify(src/topic_publisher_pkg) by extensions ['colcon_meta']
[0.333s] Level 1:colcon.colcon_core.package_identification:_identify(src/topic_publisher_pkg) by extension 'colcon_meta'
[0.333s] Level 1:colcon.colcon_core.package_identification:_identify(src/topic_publisher_pkg) by extensions ['ros']
[0.333s] Level 1:colcon.colcon_core.package_identification:_identify(src/topic_publisher_pkg) by extension 'ros'
[0.334s] DEBUG:colcon.colcon_core.package_identification:Package 'src/topic_publisher_pkg' with type 'ros.ament_cmake' and name 'topic_publisher_pkg'
[0.335s] Level 1:colcon.colcon_core.package_identification:_identify(src/topic_subscriber_pkg) by extensions ['ignore', 'ignore_ament_install']
[0.335s] Level 1:colcon.colcon_core.package_identification:_identify(src/topic_subscriber_pkg) by extension 'ignore'
[0.335s] Level 1:colcon.colcon_core.package_identification:_identify(src/topic_subscriber_pkg) by extension 'ignore_ament_install'
[0.335s] Level 1:colcon.colcon_core.package_identification:_identify(src/topic_subscriber_pkg) by extensions ['colcon_pkg']
[0.335s] Level 1:colcon.colcon_core.package_identification:_identify(src/topic_subscriber_pkg) by extension 'colcon_pkg'
[0.335s] Level 1:colcon.colcon_core.package_identification:_identify(src/topic_subscriber_pkg) by extensions ['colcon_meta']
[0.335s] Level 1:colcon.colcon_core.package_identification:_identify(src/topic_subscriber_pkg) by extension 'colcon_meta'
[0.335s] Level 1:colcon.colcon_core.package_identification:_identify(src/topic_subscriber_pkg) by extensions ['ros']
[0.335s] Level 1:colcon.colcon_core.package_identification:_identify(src/topic_subscriber_pkg) by extension 'ros'
[0.336s] DEBUG:colcon.colcon_core.package_identification:Package 'src/topic_subscriber_pkg' with type 'ros.ament_cmake' and name 'topic_subscriber_pkg'
[0.336s] Level 1:colcon.colcon_core.package_identification:_identify(src/topics_quiz) by extensions ['ignore', 'ignore_ament_install']
[0.336s] Level 1:colcon.colcon_core.package_identification:_identify(src/topics_quiz) by extension 'ignore'
[0.336s] Level 1:colcon.colcon_core.package_identification:_identify(src/topics_quiz) by extension 'ignore_ament_install'
[0.337s] Level 1:colcon.colcon_core.package_identification:_identify(src/topics_quiz) by extensions ['colcon_pkg']
[0.337s] Level 1:colcon.colcon_core.package_identification:_identify(src/topics_quiz) by extension 'colcon_pkg'
[0.337s] Level 1:colcon.colcon_core.package_identification:_identify(src/topics_quiz) by extensions ['colcon_meta']
[0.337s] Level 1:colcon.colcon_core.package_identification:_identify(src/topics_quiz) by extension 'colcon_meta'
[0.337s] Level 1:colcon.colcon_core.package_identification:_identify(src/topics_quiz) by extensions ['ros']
[0.337s] Level 1:colcon.colcon_core.package_identification:_identify(src/topics_quiz) by extension 'ros'
[0.338s] DEBUG:colcon.colcon_core.package_identification:Package 'src/topics_quiz' with type 'ros.ament_cmake' and name 'topics_quiz'
[0.338s] Level 1:colcon.colcon_core.package_discovery:discover_packages(recursive) using defaults
[0.338s] Level 1:colcon.colcon_core.package_discovery:discover_packages(ignore) discover
[0.338s] Level 1:colcon.colcon_core.package_discovery:discover_packages(ignore) using defaults
[0.338s] Level 1:colcon.colcon_core.package_discovery:discover_packages(path) discover
[0.338s] Level 1:colcon.colcon_core.package_discovery:discover_packages(path) using defaults
[0.372s] INFO:colcon.colcon_core.package_selection:Skipping not selected package 'actions_quiz_msg' in 'src/actions_quiz_msg'
[0.373s] INFO:colcon.colcon_core.package_selection:Skipping not selected package 'client_pkg' in 'src/client_pkg'
[0.373s] INFO:colcon.colcon_core.package_selection:Skipping not selected package 'custom_interfaces' in 'src/custom_interfaces'
[0.373s] INFO:colcon.colcon_core.package_selection:Skipping not selected package 'executors_exercises_pkg' in 'src/executors_exercises_pkg'
[0.373s] INFO:colcon.colcon_core.package_selection:Skipping not selected package 'exercise42_pkg' in 'src/exercise42_pkg'
[0.373s] INFO:colcon.colcon_core.package_selection:Skipping not selected package 'my_action_server' in 'src/my_action_server'
[0.373s] INFO:colcon.colcon_core.package_selection:Skipping not selected package 'my_package' in 'src/my_package'
[0.373s] INFO:colcon.colcon_core.package_selection:Skipping not selected package 'services_quiz_srv' in 'src/services_quiz_srv'
[0.373s] INFO:colcon.colcon_core.package_selection:Skipping not selected package 'topic_subscriber_pkg' in 'src/topic_subscriber_pkg'
[0.373s] INFO:colcon.colcon_core.package_selection:Skipping not selected package 'topics_quiz' in 'src/topics_quiz'
[0.373s] INFO:colcon.colcon_core.package_selection:Skipping not selected package 'actions_quiz' in 'src/actions_quiz'
[0.373s] INFO:colcon.colcon_core.package_selection:Skipping not selected package 'movement_pkg' in 'src/movement_pkg'
[0.373s] INFO:colcon.colcon_core.package_selection:Skipping not selected package 'my_action_client' in 'src/my_action_client'
[0.373s] INFO:colcon.colcon_core.package_selection:Skipping not selected package 'services_quiz' in 'src/services_quiz'
[0.373s] INFO:colcon.colcon_core.package_selection:Skipping not selected package 'topic_publisher_pkg' in 'src/topic_publisher_pkg'
[0.375s] Level 5:colcon.colcon_core.verb:set package 'logs_test' build argument 'cmake_args' from command line to 'None'
[0.375s] Level 5:colcon.colcon_core.verb:set package 'logs_test' build argument 'cmake_target' from command line to 'None'
[0.375s] Level 5:colcon.colcon_core.verb:set package 'logs_test' build argument 'cmake_target_skip_unavailable' from command line to 'False'
[0.375s] Level 5:colcon.colcon_core.verb:set package 'logs_test' build argument 'cmake_clean_cache' from command line to 'False'
[0.375s] Level 5:colcon.colcon_core.verb:set package 'logs_test' build argument 'cmake_clean_first' from command line to 'False'
[0.375s] Level 5:colcon.colcon_core.verb:set package 'logs_test' build argument 'cmake_force_configure' from command line to 'False'
[0.375s] Level 5:colcon.colcon_core.verb:set package 'logs_test' build argument 'ament_cmake_args' from command line to 'None'
[0.375s] Level 5:colcon.colcon_core.verb:set package 'logs_test' build argument 'catkin_cmake_args' from command line to 'None'
[0.375s] Level 5:colcon.colcon_core.verb:set package 'logs_test' build argument 'catkin_skip_building_tests' from command line to 'False'
[0.375s] DEBUG:colcon.colcon_core.verb:Building package 'logs_test' with the following arguments: {'ament_cmake_args': None, 'build_base': '/home/user/ros2_ws/build/logs_test', 'catkin_cmake_args': None, 'catkin_skip_building_tests': False, 'cmake_args': None, 'cmake_clean_cache': False, 'cmake_clean_first': False, 'cmake_force_configure': False, 'cmake_target': None, 'cmake_target_skip_unavailable': False, 'install_base': '/home/user/ros2_ws/install/logs_test', 'merge_install': False, 'path': '/home/user/ros2_ws/src/logs_test', 'symlink_install': False, 'test_result_base': None}
[0.376s] INFO:colcon.colcon_core.executor:Executing jobs using 'parallel' executor
[0.381s] DEBUG:colcon.colcon_parallel_executor.executor.parallel:run_until_complete
[0.382s] INFO:colcon.colcon_ros.task.ament_cmake.build:Building ROS package in '/home/user/ros2_ws/src/logs_test' with build type 'ament_cmake'
[0.384s] INFO:colcon.colcon_cmake.task.cmake.build:Building CMake package in '/home/user/ros2_ws/src/logs_test'
[0.394s] INFO:colcon.colcon_core.plugin_system:Skipping extension 'colcon_core.shell.bat': Not used on non-Windows systems
[0.395s] INFO:colcon.colcon_core.shell:Skip shell extension 'powershell' for command environment: Not usable outside of PowerShell
[0.395s] DEBUG:colcon.colcon_core.shell:Skip shell extension 'dsv' for command environment
[0.424s] DEBUG:colcon.colcon_core.event_handler.log_command:Invoking command in '/home/user/ros2_ws/build/logs_test': CMAKE_PREFIX_PATH=${CMAKE_PREFIX_PATH}:/home/simulations/ros2_sims_ws/install/services_pkg:/home/simulations/ros2_sims_ws/install/parameter_tests:/opt/ros/humble _=/usr/bin/env /usr/bin/cmake --build /home/user/ros2_ws/build/logs_test -- -j8 -l8
[4.619s] DEBUG:colcon.colcon_core.event_handler.log_command:Invoked command in '/home/user/ros2_ws/build/logs_test' returned '0': CMAKE_PREFIX_PATH=${CMAKE_PREFIX_PATH}:/home/simulations/ros2_sims_ws/install/services_pkg:/home/simulations/ros2_sims_ws/install/parameter_tests:/opt/ros/humble _=/usr/bin/env /usr/bin/cmake --build /home/user/ros2_ws/build/logs_test -- -j8 -l8
[4.673s] DEBUG:colcon.colcon_core.event_handler.log_command:Invoking command in '/home/user/ros2_ws/build/logs_test': CMAKE_PREFIX_PATH=${CMAKE_PREFIX_PATH}:/home/simulations/ros2_sims_ws/install/services_pkg:/home/simulations/ros2_sims_ws/install/parameter_tests:/opt/ros/humble _=/usr/bin/env /usr/bin/cmake --install /home/user/ros2_ws/build/logs_test
[4.685s] Level 1:colcon.colcon_core.environment:create_environment_scripts_only(logs_test)
[4.690s] DEBUG:colcon.colcon_core.event_handler.log_command:Invoked command in '/home/user/ros2_ws/build/logs_test' returned '0': CMAKE_PREFIX_PATH=${CMAKE_PREFIX_PATH}:/home/simulations/ros2_sims_ws/install/services_pkg:/home/simulations/ros2_sims_ws/install/parameter_tests:/opt/ros/humble _=/usr/bin/env /usr/bin/cmake --install /home/user/ros2_ws/build/logs_test
[4.694s] Level 1:colcon.colcon_core.environment:checking '/home/user/ros2_ws/install/logs_test' for CMake module files
[4.694s] Level 1:colcon.colcon_core.environment:checking '/home/user/ros2_ws/install/logs_test' for CMake config files
[4.694s] Level 1:colcon.colcon_core.shell:create_environment_hook('logs_test', 'cmake_prefix_path')
[4.696s] INFO:colcon.colcon_core.shell:Creating environment hook '/home/user/ros2_ws/install/logs_test/share/logs_test/hook/cmake_prefix_path.ps1'
[4.697s] INFO:colcon.colcon_core.shell:Creating environment descriptor '/home/user/ros2_ws/install/logs_test/share/logs_test/hook/cmake_prefix_path.dsv'
[4.698s] INFO:colcon.colcon_core.shell:Creating environment hook '/home/user/ros2_ws/install/logs_test/share/logs_test/hook/cmake_prefix_path.sh'
[4.699s] Level 1:colcon.colcon_core.environment:checking '/home/user/ros2_ws/install/logs_test/lib'
[4.699s] Level 1:colcon.colcon_core.environment:checking '/home/user/ros2_ws/install/logs_test/bin'
[4.700s] Level 1:colcon.colcon_core.environment:checking '/home/user/ros2_ws/install/logs_test/lib/pkgconfig/logs_test.pc'
[4.701s] Level 1:colcon.colcon_core.environment:checking '/home/user/ros2_ws/install/logs_test/lib/python3.10/site-packages'
[4.701s] Level 1:colcon.colcon_core.environment:checking '/home/user/ros2_ws/install/logs_test/bin'
[4.702s] INFO:colcon.colcon_core.shell:Creating package script '/home/user/ros2_ws/install/logs_test/share/logs_test/package.ps1'
[4.703s] INFO:colcon.colcon_core.shell:Creating package descriptor '/home/user/ros2_ws/install/logs_test/share/logs_test/package.dsv'
[4.704s] INFO:colcon.colcon_core.shell:Creating package script '/home/user/ros2_ws/install/logs_test/share/logs_test/package.sh'
[4.705s] INFO:colcon.colcon_core.shell:Creating package script '/home/user/ros2_ws/install/logs_test/share/logs_test/package.bash'
[4.706s] INFO:colcon.colcon_core.shell:Creating package script '/home/user/ros2_ws/install/logs_test/share/logs_test/package.zsh'
[4.707s] Level 1:colcon.colcon_core.environment:create_file_with_runtime_dependencies(/home/user/ros2_ws/install/logs_test/share/colcon-core/packages/logs_test)
[4.762s] Level 1:colcon.colcon_core.environment:create_environment_scripts_only(logs_test)
[4.765s] Level 1:colcon.colcon_core.environment:checking '/home/user/ros2_ws/install/logs_test' for CMake module files
[4.766s] Level 1:colcon.colcon_core.environment:checking '/home/user/ros2_ws/install/logs_test' for CMake config files
[4.767s] Level 1:colcon.colcon_core.shell:create_environment_hook('logs_test', 'cmake_prefix_path')
[4.769s] INFO:colcon.colcon_core.shell:Creating environment hook '/home/user/ros2_ws/install/logs_test/share/logs_test/hook/cmake_prefix_path.ps1'
[4.769s] INFO:colcon.colcon_core.shell:Creating environment descriptor '/home/user/ros2_ws/install/logs_test/share/logs_test/hook/cmake_prefix_path.dsv'
[4.770s] INFO:colcon.colcon_core.shell:Creating environment hook '/home/user/ros2_ws/install/logs_test/share/logs_test/hook/cmake_prefix_path.sh'
[4.771s] Level 1:colcon.colcon_core.environment:checking '/home/user/ros2_ws/install/logs_test/lib'
[4.771s] Level 1:colcon.colcon_core.environment:checking '/home/user/ros2_ws/install/logs_test/bin'
[4.771s] Level 1:colcon.colcon_core.environment:checking '/home/user/ros2_ws/install/logs_test/lib/pkgconfig/logs_test.pc'
[4.771s] Level 1:colcon.colcon_core.environment:checking '/home/user/ros2_ws/install/logs_test/lib/python3.10/site-packages'
[4.772s] Level 1:colcon.colcon_core.environment:checking '/home/user/ros2_ws/install/logs_test/bin'
[4.774s] INFO:colcon.colcon_core.shell:Creating package script '/home/user/ros2_ws/install/logs_test/share/logs_test/package.ps1'
[4.775s] INFO:colcon.colcon_core.shell:Creating package descriptor '/home/user/ros2_ws/install/logs_test/share/logs_test/package.dsv'
[4.776s] INFO:colcon.colcon_core.shell:Creating package script '/home/user/ros2_ws/install/logs_test/share/logs_test/package.sh'
[4.777s] INFO:colcon.colcon_core.shell:Creating package script '/home/user/ros2_ws/install/logs_test/share/logs_test/package.bash'
[4.777s] INFO:colcon.colcon_core.shell:Creating package script '/home/user/ros2_ws/install/logs_test/share/logs_test/package.zsh'
[4.778s] Level 1:colcon.colcon_core.environment:create_file_with_runtime_dependencies(/home/user/ros2_ws/install/logs_test/share/colcon-core/packages/logs_test)
[4.779s] DEBUG:colcon.colcon_parallel_executor.executor.parallel:closing loop
[4.780s] DEBUG:colcon.colcon_parallel_executor.executor.parallel:loop closed
[4.780s] DEBUG:colcon.colcon_parallel_executor.executor.parallel:run_until_complete finished with '0'
[4.780s] DEBUG:colcon.colcon_core.event_reactor:joining thread
[4.790s] INFO:colcon.colcon_core.plugin_system:Skipping extension 'colcon_notification.desktop_notification.notify_send': Could not find 'notify-send'
[4.790s] INFO:colcon.colcon_core.plugin_system:Skipping extension 'colcon_notification.desktop_notification.terminal_notifier': Not used on non-Darwin systems
[4.791s] INFO:colcon.colcon_core.plugin_system:Skipping extension 'colcon_notification.desktop_notification.win32': Not used on non-Windows systems
[4.792s] INFO:colcon.colcon_notification.desktop_notification:Sending desktop notification using 'notify2'
[4.795s] DEBUG:colcon.colcon_notification.desktop_notification.notify2:Failed to initialize notify2: org.freedesktop.DBus.Error.Spawn.ExecFailed: /usr/bin/dbus-launch terminated abnormally without any error message
[4.795s] DEBUG:colcon.colcon_core.event_reactor:joined thread
[4.797s] INFO:colcon.colcon_core.shell:Creating prefix script '/home/user/ros2_ws/install/local_setup.ps1'
[4.801s] INFO:colcon.colcon_core.shell:Creating prefix util module '/home/user/ros2_ws/install/_local_setup_util_ps1.py'
[4.803s] INFO:colcon.colcon_core.shell:Creating prefix chain script '/home/user/ros2_ws/install/setup.ps1'
[4.806s] INFO:colcon.colcon_core.shell:Creating prefix script '/home/user/ros2_ws/install/local_setup.sh'
[4.807s] INFO:colcon.colcon_core.shell:Creating prefix util module '/home/user/ros2_ws/install/_local_setup_util_sh.py'
[4.808s] INFO:colcon.colcon_core.shell:Creating prefix chain script '/home/user/ros2_ws/install/setup.sh'
[4.811s] INFO:colcon.colcon_core.shell:Creating prefix script '/home/user/ros2_ws/install/local_setup.bash'
[4.811s] INFO:colcon.colcon_core.shell:Creating prefix chain script '/home/user/ros2_ws/install/setup.bash'
[4.814s] INFO:colcon.colcon_core.shell:Creating prefix script '/home/user/ros2_ws/install/local_setup.zsh'
[4.815s] INFO:colcon.colcon_core.shell:Creating prefix chain script '/home/user/ros2_ws/install/setup.zsh'
