-- The C compiler identification is GNU 11.2.0
-- The CXX compiler identification is GNU 11.2.0
-- Detecting C compiler ABI info
-- Detecting C compiler ABI info - done
-- Check for working C compiler: /usr/bin/cc - skipped
-- Detecting C compile features
-- Detecting C compile features - done
-- Detecting CXX compiler ABI info
-- Detecting CXX compiler ABI info - done
-- Check for working CXX compiler: /usr/bin/c++ - skipped
-- Detecting CXX compile features
-- Detecting CXX compile features - done
-- Found ament_cmake: 1.3.2 (/opt/ros/humble/share/ament_cmake/cmake)
-- Found Python3: /usr/bin/python3.10 (found version "3.10.6") found components: Interpreter 
-- Found rclcpp: 16.0.1 (/opt/ros/humble/share/rclcpp/cmake)
-- Found rosidl_generator_c: 3.1.3 (/opt/ros/humble/share/rosidl_generator_c/cmake)
-- Found rosidl_adapter: 3.1.3 (/opt/ros/humble/share/rosidl_adapter/cmake)
-- Found rosidl_generator_cpp: 3.1.3 (/opt/ros/humble/share/rosidl_generator_cpp/cmake)
-- Using all available rosidl_typesupport_c: rosidl_typesupport_fastrtps_c;rosidl_typesupport_introspection_c
-- Using all available rosidl_typesupport_cpp: rosidl_typesupport_fastrtps_cpp;rosidl_typesupport_introspection_cpp
-- Found rmw_implementation_cmake: 6.1.0 (/opt/ros/humble/share/rmw_implementation_cmake/cmake)
-- Found rmw_fastrtps_cpp: 6.2.1 (/opt/ros/humble/share/rmw_fastrtps_cpp/cmake)
-- Found OpenSSL: /usr/lib/x86_64-linux-gnu/libcrypto.so (found version "3.0.2")  
-- Found FastRTPS: /opt/ros/humble/include  
-- Using RMW implementation 'rmw_fastrtps_cpp' as default
-- Found rclcpp_action: 16.0.1 (/opt/ros/humble/share/rclcpp_action/cmake)
-- Found nav_msgs: 4.2.2 (/opt/ros/humble/share/nav_msgs/cmake)
-- Found actions_quiz_msg: 0.0.0 (/home/user/ros2_ws/install/actions_quiz_msg/share/actions_quiz_msg/cmake)
-- Found ament_lint_auto: 0.12.4 (/opt/ros/humble/share/ament_lint_auto/cmake)
-- Added test 'cppcheck' to perform static code analysis on C / C++ code
-- Configured cppcheck include dirs: 
-- Configured cppcheck exclude dirs and/or files: 
-- Added test 'flake8' to check Python code syntax and style conventions
-- Added test 'lint_cmake' to check CMake code style
-- Added test 'pep257' to check Python code against some of the docstring style conventions in PEP 257
-- Added test 'uncrustify' to check C / C++ code style
-- Configured uncrustify additional arguments: 
-- Added test 'xmllint' to check XML markup files
-- Configuring done
-- Generating done
-- Build files have been written to: /home/user/ros2_ws/build/actions_quiz
[ 25%] [32mBuilding CXX object CMakeFiles/actions_server_node.dir/src/actions_quiz_server.cpp.o[0m
[ 50%] [32m[1mLinking CXX executable actions_server_node[0m
[ 50%] Built target actions_server_node
[ 75%] [32mBuilding CXX object CMakeFiles/actions_client_node.dir/src/actions_quiz_client.cpp.o[0m
[100%] [32m[1mLinking CXX executable actions_client_node[0m
[100%] Built target actions_client_node
-- Install configuration: ""
-- Installing: /home/user/ros2_ws/install/actions_quiz/lib/actions_quiz/actions_server_node
-- Set runtime path of "/home/user/ros2_ws/install/actions_quiz/lib/actions_quiz/actions_server_node" to ""
-- Installing: /home/user/ros2_ws/install/actions_quiz/lib/actions_quiz/actions_client_node
-- Set runtime path of "/home/user/ros2_ws/install/actions_quiz/lib/actions_quiz/actions_client_node" to ""
-- Installing: /home/user/ros2_ws/install/actions_quiz/share/actions_quiz//launch
-- Installing: /home/user/ros2_ws/install/actions_quiz/share/actions_quiz//launch/actions_quiz_client.launch.py
-- Installing: /home/user/ros2_ws/install/actions_quiz/share/actions_quiz//launch/actions_quiz_server.launch.py
-- Installing: /home/user/ros2_ws/install/actions_quiz/share/ament_index/resource_index/package_run_dependencies/actions_quiz
-- Installing: /home/user/ros2_ws/install/actions_quiz/share/ament_index/resource_index/parent_prefix_path/actions_quiz
-- Installing: /home/user/ros2_ws/install/actions_quiz/share/actions_quiz/environment/ament_prefix_path.sh
-- Installing: /home/user/ros2_ws/install/actions_quiz/share/actions_quiz/environment/ament_prefix_path.dsv
-- Installing: /home/user/ros2_ws/install/actions_quiz/share/actions_quiz/environment/path.sh
-- Installing: /home/user/ros2_ws/install/actions_quiz/share/actions_quiz/environment/path.dsv
-- Installing: /home/user/ros2_ws/install/actions_quiz/share/actions_quiz/local_setup.bash
-- Installing: /home/user/ros2_ws/install/actions_quiz/share/actions_quiz/local_setup.sh
-- Installing: /home/user/ros2_ws/install/actions_quiz/share/actions_quiz/local_setup.zsh
-- Installing: /home/user/ros2_ws/install/actions_quiz/share/actions_quiz/local_setup.dsv
-- Installing: /home/user/ros2_ws/install/actions_quiz/share/actions_quiz/package.dsv
-- Installing: /home/user/ros2_ws/install/actions_quiz/share/ament_index/resource_index/packages/actions_quiz
-- Installing: /home/user/ros2_ws/install/actions_quiz/share/actions_quiz/cmake/actions_quizConfig.cmake
-- Installing: /home/user/ros2_ws/install/actions_quiz/share/actions_quiz/cmake/actions_quizConfig-version.cmake
-- Installing: /home/user/ros2_ws/install/actions_quiz/share/actions_quiz/package.xml
