[0.018s] Invoking command in '/home/user/ros2_ws/build/actions_quiz': CMAKE_PREFIX_PATH=/home/user/ros2_ws/install/actions_quiz_msg:/home/user/ros2_ws/install/actions_quiz:/home/simulations/ros2_sims_ws/install/move_robot_as:/home/simulations/ros2_sims_ws/install/t3_action_msg:/home/simulations/ros2_sims_ws/install/neo_simulation2:/home/simulations/ros2_sims_ws/install/aws_robomaker_small_warehouse_world:/home/user/quiz_ws/Quizes/ros2_ws/install/ros2_quizzes:/home/simulations/ros2_sims_ws/install/services_pkg:/home/simulations/ros2_sims_ws/install/parameter_tests:/opt/ros/humble LD_LIBRARY_PATH=/home/user/ros2_ws/install/actions_quiz_msg/lib:/home/simulations/ros2_sims_ws/install/t3_action_msg/lib:/opt/ros/humble/opt/rviz_ogre_vendor/lib:/opt/ros/humble/lib/x86_64-linux-gnu:/opt/ros/humble/lib:/usr/local/cuda-10.2/lib64:/home/user/.catkin_ws_python3/src/TensorRT-7.0.0.11/lib:/usr/lib/x86_64-linux-gnu/gazebo-11/plugins _=/usr/bin/env /usr/bin/cmake /home/user/ros2_ws/src/actions_quiz -DCMAKE_INSTALL_PREFIX=/home/user/ros2_ws/install/actions_quiz
[0.083s] -- The C compiler identification is GNU 11.2.0
[0.154s] -- The CXX compiler identification is GNU 11.2.0
[0.163s] -- Detecting C compiler ABI info
[0.248s] -- Detecting C compiler ABI info - done
[0.262s] -- Check for working C compiler: /usr/bin/cc - skipped
[0.262s] -- Detecting C compile features
[0.262s] -- Detecting C compile features - done
[0.266s] -- Detecting CXX compiler ABI info
[0.367s] -- Detecting CXX compiler ABI info - done
[0.380s] -- Check for working CXX compiler: /usr/bin/c++ - skipped
[0.381s] -- Detecting CXX compile features
[0.381s] -- Detecting CXX compile features - done
[0.387s] -- Found ament_cmake: 1.3.2 (/opt/ros/humble/share/ament_cmake/cmake)
[0.624s] -- Found Python3: /usr/bin/python3.10 (found version "3.10.6") found components: Interpreter 
[0.782s] -- Found rclcpp: 16.0.1 (/opt/ros/humble/share/rclcpp/cmake)
[0.884s] -- Found rosidl_generator_c: 3.1.3 (/opt/ros/humble/share/rosidl_generator_c/cmake)
[0.896s] -- Found rosidl_adapter: 3.1.3 (/opt/ros/humble/share/rosidl_adapter/cmake)
[0.914s] -- Found rosidl_generator_cpp: 3.1.3 (/opt/ros/humble/share/rosidl_generator_cpp/cmake)
[0.942s] -- Using all available rosidl_typesupport_c: rosidl_typesupport_fastrtps_c;rosidl_typesupport_introspection_c
[0.984s] -- Using all available rosidl_typesupport_cpp: rosidl_typesupport_fastrtps_cpp;rosidl_typesupport_introspection_cpp
[1.114s] -- Found rmw_implementation_cmake: 6.1.0 (/opt/ros/humble/share/rmw_implementation_cmake/cmake)
[1.120s] -- Found rmw_fastrtps_cpp: 6.2.1 (/opt/ros/humble/share/rmw_fastrtps_cpp/cmake)
[1.272s] -- Found OpenSSL: /usr/lib/x86_64-linux-gnu/libcrypto.so (found version "3.0.2")  
[1.318s] -- Found FastRTPS: /opt/ros/humble/include  
[1.395s] -- Using RMW implementation 'rmw_fastrtps_cpp' as default
[1.618s] -- Found rclcpp_action: 16.0.1 (/opt/ros/humble/share/rclcpp_action/cmake)
[1.766s] -- Found nav_msgs: 4.2.2 (/opt/ros/humble/share/nav_msgs/cmake)
[1.959s] -- Found actions_quiz_msg: 0.0.0 (/home/user/ros2_ws/install/actions_quiz_msg/share/actions_quiz_msg/cmake)
[2.033s] -- Found ament_lint_auto: 0.12.4 (/opt/ros/humble/share/ament_lint_auto/cmake)
[2.153s] -- Added test 'cppcheck' to perform static code analysis on C / C++ code
[2.153s] -- Configured cppcheck include dirs: 
[2.153s] -- Configured cppcheck exclude dirs and/or files: 
[2.154s] -- Added test 'flake8' to check Python code syntax and style conventions
[2.155s] -- Added test 'lint_cmake' to check CMake code style
[2.156s] -- Added test 'pep257' to check Python code against some of the docstring style conventions in PEP 257
[2.157s] -- Added test 'uncrustify' to check C / C++ code style
[2.157s] -- Configured uncrustify additional arguments: 
[2.158s] -- Added test 'xmllint' to check XML markup files
[2.159s] -- Configuring done
[2.180s] -- Generating done
[2.183s] -- Build files have been written to: /home/user/ros2_ws/build/actions_quiz
[2.196s] Invoked command in '/home/user/ros2_ws/build/actions_quiz' returned '0': CMAKE_PREFIX_PATH=/home/user/ros2_ws/install/actions_quiz_msg:/home/user/ros2_ws/install/actions_quiz:/home/simulations/ros2_sims_ws/install/move_robot_as:/home/simulations/ros2_sims_ws/install/t3_action_msg:/home/simulations/ros2_sims_ws/install/neo_simulation2:/home/simulations/ros2_sims_ws/install/aws_robomaker_small_warehouse_world:/home/user/quiz_ws/Quizes/ros2_ws/install/ros2_quizzes:/home/simulations/ros2_sims_ws/install/services_pkg:/home/simulations/ros2_sims_ws/install/parameter_tests:/opt/ros/humble LD_LIBRARY_PATH=/home/user/ros2_ws/install/actions_quiz_msg/lib:/home/simulations/ros2_sims_ws/install/t3_action_msg/lib:/opt/ros/humble/opt/rviz_ogre_vendor/lib:/opt/ros/humble/lib/x86_64-linux-gnu:/opt/ros/humble/lib:/usr/local/cuda-10.2/lib64:/home/user/.catkin_ws_python3/src/TensorRT-7.0.0.11/lib:/usr/lib/x86_64-linux-gnu/gazebo-11/plugins _=/usr/bin/env /usr/bin/cmake /home/user/ros2_ws/src/actions_quiz -DCMAKE_INSTALL_PREFIX=/home/user/ros2_ws/install/actions_quiz
[2.199s] Invoking command in '/home/user/ros2_ws/build/actions_quiz': CMAKE_PREFIX_PATH=/home/user/ros2_ws/install/actions_quiz_msg:/home/user/ros2_ws/install/actions_quiz:/home/simulations/ros2_sims_ws/install/move_robot_as:/home/simulations/ros2_sims_ws/install/t3_action_msg:/home/simulations/ros2_sims_ws/install/neo_simulation2:/home/simulations/ros2_sims_ws/install/aws_robomaker_small_warehouse_world:/home/user/quiz_ws/Quizes/ros2_ws/install/ros2_quizzes:/home/simulations/ros2_sims_ws/install/services_pkg:/home/simulations/ros2_sims_ws/install/parameter_tests:/opt/ros/humble LD_LIBRARY_PATH=/home/user/ros2_ws/install/actions_quiz_msg/lib:/home/simulations/ros2_sims_ws/install/t3_action_msg/lib:/opt/ros/humble/opt/rviz_ogre_vendor/lib:/opt/ros/humble/lib/x86_64-linux-gnu:/opt/ros/humble/lib:/usr/local/cuda-10.2/lib64:/home/user/.catkin_ws_python3/src/TensorRT-7.0.0.11/lib:/usr/lib/x86_64-linux-gnu/gazebo-11/plugins _=/usr/bin/env /usr/bin/cmake --build /home/user/ros2_ws/build/actions_quiz -- -j8 -l8
[2.253s] [ 25%] [32mBuilding CXX object CMakeFiles/actions_server_node.dir/src/actions_quiz_server.cpp.o[0m
[15.355s] [ 50%] [32m[1mLinking CXX executable actions_server_node[0m
[15.822s] [ 50%] Built target actions_server_node
[15.848s] [ 75%] [32mBuilding CXX object CMakeFiles/actions_client_node.dir/src/actions_quiz_client.cpp.o[0m
[21.195s] [100%] [32m[1mLinking CXX executable actions_client_node[0m
[21.445s] [100%] Built target actions_client_node
[21.459s] Invoked command in '/home/user/ros2_ws/build/actions_quiz' returned '0': CMAKE_PREFIX_PATH=/home/user/ros2_ws/install/actions_quiz_msg:/home/user/ros2_ws/install/actions_quiz:/home/simulations/ros2_sims_ws/install/move_robot_as:/home/simulations/ros2_sims_ws/install/t3_action_msg:/home/simulations/ros2_sims_ws/install/neo_simulation2:/home/simulations/ros2_sims_ws/install/aws_robomaker_small_warehouse_world:/home/user/quiz_ws/Quizes/ros2_ws/install/ros2_quizzes:/home/simulations/ros2_sims_ws/install/services_pkg:/home/simulations/ros2_sims_ws/install/parameter_tests:/opt/ros/humble LD_LIBRARY_PATH=/home/user/ros2_ws/install/actions_quiz_msg/lib:/home/simulations/ros2_sims_ws/install/t3_action_msg/lib:/opt/ros/humble/opt/rviz_ogre_vendor/lib:/opt/ros/humble/lib/x86_64-linux-gnu:/opt/ros/humble/lib:/usr/local/cuda-10.2/lib64:/home/user/.catkin_ws_python3/src/TensorRT-7.0.0.11/lib:/usr/lib/x86_64-linux-gnu/gazebo-11/plugins _=/usr/bin/env /usr/bin/cmake --build /home/user/ros2_ws/build/actions_quiz -- -j8 -l8
[21.516s] Invoking command in '/home/user/ros2_ws/build/actions_quiz': CMAKE_PREFIX_PATH=/home/user/ros2_ws/install/actions_quiz_msg:/home/user/ros2_ws/install/actions_quiz:/home/simulations/ros2_sims_ws/install/move_robot_as:/home/simulations/ros2_sims_ws/install/t3_action_msg:/home/simulations/ros2_sims_ws/install/neo_simulation2:/home/simulations/ros2_sims_ws/install/aws_robomaker_small_warehouse_world:/home/user/quiz_ws/Quizes/ros2_ws/install/ros2_quizzes:/home/simulations/ros2_sims_ws/install/services_pkg:/home/simulations/ros2_sims_ws/install/parameter_tests:/opt/ros/humble LD_LIBRARY_PATH=/home/user/ros2_ws/install/actions_quiz_msg/lib:/home/simulations/ros2_sims_ws/install/t3_action_msg/lib:/opt/ros/humble/opt/rviz_ogre_vendor/lib:/opt/ros/humble/lib/x86_64-linux-gnu:/opt/ros/humble/lib:/usr/local/cuda-10.2/lib64:/home/user/.catkin_ws_python3/src/TensorRT-7.0.0.11/lib:/usr/lib/x86_64-linux-gnu/gazebo-11/plugins _=/usr/bin/env /usr/bin/cmake --install /home/user/ros2_ws/build/actions_quiz
[21.525s] -- Install configuration: ""
[21.526s] -- Installing: /home/user/ros2_ws/install/actions_quiz/lib/actions_quiz/actions_server_node
[21.533s] -- Set runtime path of "/home/user/ros2_ws/install/actions_quiz/lib/actions_quiz/actions_server_node" to ""
[21.533s] -- Installing: /home/user/ros2_ws/install/actions_quiz/lib/actions_quiz/actions_client_node
[21.535s] -- Set runtime path of "/home/user/ros2_ws/install/actions_quiz/lib/actions_quiz/actions_client_node" to ""
[21.535s] -- Installing: /home/user/ros2_ws/install/actions_quiz/share/actions_quiz//launch
[21.535s] -- Installing: /home/user/ros2_ws/install/actions_quiz/share/actions_quiz//launch/actions_quiz_client.launch.py
[21.536s] -- Installing: /home/user/ros2_ws/install/actions_quiz/share/actions_quiz//launch/actions_quiz_server.launch.py
[21.536s] -- Installing: /home/user/ros2_ws/install/actions_quiz/share/ament_index/resource_index/package_run_dependencies/actions_quiz
[21.536s] -- Installing: /home/user/ros2_ws/install/actions_quiz/share/ament_index/resource_index/parent_prefix_path/actions_quiz
[21.536s] -- Installing: /home/user/ros2_ws/install/actions_quiz/share/actions_quiz/environment/ament_prefix_path.sh
[21.536s] -- Installing: /home/user/ros2_ws/install/actions_quiz/share/actions_quiz/environment/ament_prefix_path.dsv
[21.537s] -- Installing: /home/user/ros2_ws/install/actions_quiz/share/actions_quiz/environment/path.sh
[21.537s] -- Installing: /home/user/ros2_ws/install/actions_quiz/share/actions_quiz/environment/path.dsv
[21.537s] -- Installing: /home/user/ros2_ws/install/actions_quiz/share/actions_quiz/local_setup.bash
[21.537s] -- Installing: /home/user/ros2_ws/install/actions_quiz/share/actions_quiz/local_setup.sh
[21.537s] -- Installing: /home/user/ros2_ws/install/actions_quiz/share/actions_quiz/local_setup.zsh
[21.538s] -- Installing: /home/user/ros2_ws/install/actions_quiz/share/actions_quiz/local_setup.dsv
[21.538s] -- Installing: /home/user/ros2_ws/install/actions_quiz/share/actions_quiz/package.dsv
[21.538s] -- Installing: /home/user/ros2_ws/install/actions_quiz/share/ament_index/resource_index/packages/actions_quiz
[21.538s] -- Installing: /home/user/ros2_ws/install/actions_quiz/share/actions_quiz/cmake/actions_quizConfig.cmake
[21.538s] -- Installing: /home/user/ros2_ws/install/actions_quiz/share/actions_quiz/cmake/actions_quizConfig-version.cmake
[21.538s] -- Installing: /home/user/ros2_ws/install/actions_quiz/share/actions_quiz/package.xml
[21.553s] Invoked command in '/home/user/ros2_ws/build/actions_quiz' returned '0': CMAKE_PREFIX_PATH=/home/user/ros2_ws/install/actions_quiz_msg:/home/user/ros2_ws/install/actions_quiz:/home/simulations/ros2_sims_ws/install/move_robot_as:/home/simulations/ros2_sims_ws/install/t3_action_msg:/home/simulations/ros2_sims_ws/install/neo_simulation2:/home/simulations/ros2_sims_ws/install/aws_robomaker_small_warehouse_world:/home/user/quiz_ws/Quizes/ros2_ws/install/ros2_quizzes:/home/simulations/ros2_sims_ws/install/services_pkg:/home/simulations/ros2_sims_ws/install/parameter_tests:/opt/ros/humble LD_LIBRARY_PATH=/home/user/ros2_ws/install/actions_quiz_msg/lib:/home/simulations/ros2_sims_ws/install/t3_action_msg/lib:/opt/ros/humble/opt/rviz_ogre_vendor/lib:/opt/ros/humble/lib/x86_64-linux-gnu:/opt/ros/humble/lib:/usr/local/cuda-10.2/lib64:/home/user/.catkin_ws_python3/src/TensorRT-7.0.0.11/lib:/usr/lib/x86_64-linux-gnu/gazebo-11/plugins _=/usr/bin/env /usr/bin/cmake --install /home/user/ros2_ws/build/actions_quiz
