-- The C compiler identification is GNU 11.2.0
-- The CXX compiler identification is GNU 11.2.0
-- Detecting C compiler ABI info
-- Detecting C compiler ABI info - done
-- Check for working C compiler: /usr/bin/cc - skipped
-- Detecting C compile features
-- Detecting C compile features - done
-- Detecting CXX compiler ABI info
-- Detecting CXX compiler ABI info - done
-- Check for working CXX compiler: /usr/bin/c++ - skipped
-- Detecting CXX compile features
-- Detecting CXX compile features - done
-- Found ament_cmake: 1.3.2 (/opt/ros/humble/share/ament_cmake/cmake)
-- Found Python3: /usr/bin/python3.10 (found version "3.10.6") found components: Interpreter 
-- Found rclcpp: 16.0.1 (/opt/ros/humble/share/rclcpp/cmake)
-- Found rosidl_generator_c: 3.1.3 (/opt/ros/humble/share/rosidl_generator_c/cmake)
-- Found rosidl_adapter: 3.1.3 (/opt/ros/humble/share/rosidl_adapter/cmake)
-- Found rosidl_generator_cpp: 3.1.3 (/opt/ros/humble/share/rosidl_generator_cpp/cmake)
-- Using all available rosidl_typesupport_c: rosidl_typesupport_fastrtps_c;rosidl_typesupport_introspection_c
-- Using all available rosidl_typesupport_cpp: rosidl_typesupport_fastrtps_cpp;rosidl_typesupport_introspection_cpp
-- Found rmw_implementation_cmake: 6.1.0 (/opt/ros/humble/share/rmw_implementation_cmake/cmake)
-- Found rmw_fastrtps_cpp: 6.2.1 (/opt/ros/humble/share/rmw_fastrtps_cpp/cmake)
-- Found OpenSSL: /usr/lib/x86_64-linux-gnu/libcrypto.so (found version "3.0.2")  
-- Found FastRTPS: /opt/ros/humble/include  
-- Using RMW implementation 'rmw_fastrtps_cpp' as default
-- Found rclcpp_action: 16.0.1 (/opt/ros/humble/share/rclcpp_action/cmake)
-- Found rosidl_default_generators: 1.2.0 (/opt/ros/humble/share/rosidl_default_generators/cmake)
-- Found ament_lint_auto: 0.12.4 (/opt/ros/humble/share/ament_lint_auto/cmake)
-- Found ament_cmake_ros: 0.10.0 (/opt/ros/humble/share/ament_cmake_ros/cmake)
-- Using all available rosidl_typesupport_c: rosidl_typesupport_fastrtps_c;rosidl_typesupport_introspection_c
-- Using all available rosidl_typesupport_cpp: rosidl_typesupport_fastrtps_cpp;rosidl_typesupport_introspection_cpp
-- Found PythonInterp: /usr/bin/python3 (found suitable version "3.10.6", minimum required is "3.6") 
-- Found python_cmake_module: 0.10.0 (/opt/ros/humble/share/python_cmake_module/cmake)
-- Found PythonLibs: /usr/lib/x86_64-linux-gnu/libpython3.10.so (found suitable version "3.10.6", minimum required is "3.5") 
-- Using PYTHON_EXECUTABLE: /usr/bin/python3
-- Using PYTHON_INCLUDE_DIRS: /usr/include/python3.10
-- Using PYTHON_LIBRARIES: /usr/lib/x86_64-linux-gnu/libpython3.10.so
-- Found PythonExtra: .so  
-- Added test 'lint_cmake' to check CMake code style
-- Added test 'xmllint' to check XML markup files
-- Configuring done
-- Generating done
-- Build files have been written to: /home/user/ros2_ws/build/actions_quiz_msg
[  3%] [34m[1mGenerating C++ code for ROS interfaces[0m
[  3%] Built target actions_quiz_msg__cpp
[  3%] Built target ament_cmake_python_copy_actions_quiz_msg
[  6%] [34m[1mGenerating C++ introspection for ROS interfaces[0m
[  9%] [32mBuilding CXX object CMakeFiles/actions_quiz_msg__rosidl_typesupport_introspection_cpp.dir/rosidl_typesupport_introspection_cpp/actions_quiz_msg/action/detail/distance__type_support.cpp.o[0m
[ 12%] [32m[1mLinking CXX shared library libactions_quiz_msg__rosidl_typesupport_introspection_cpp.so[0m
[ 12%] Built target actions_quiz_msg__rosidl_typesupport_introspection_cpp
running egg_info
creating actions_quiz_msg.egg-info
writing actions_quiz_msg.egg-info/PKG-INFO
writing dependency_links to actions_quiz_msg.egg-info/dependency_links.txt
writing top-level names to actions_quiz_msg.egg-info/top_level.txt
writing manifest file 'actions_quiz_msg.egg-info/SOURCES.txt'
reading manifest file 'actions_quiz_msg.egg-info/SOURCES.txt'
writing manifest file 'actions_quiz_msg.egg-info/SOURCES.txt'
[ 12%] Built target ament_cmake_python_build_actions_quiz_msg_egg
[ 16%] [34m[1mGenerating C++ type support for eProsima Fast-RTPS[0m
[ 19%] [32mBuilding CXX object CMakeFiles/actions_quiz_msg__rosidl_typesupport_fastrtps_cpp.dir/rosidl_typesupport_fastrtps_cpp/actions_quiz_msg/action/detail/dds_fastrtps/distance__type_support.cpp.o[0m
[ 22%] [32m[1mLinking CXX shared library libactions_quiz_msg__rosidl_typesupport_fastrtps_cpp.so[0m
[ 22%] Built target actions_quiz_msg__rosidl_typesupport_fastrtps_cpp
[ 25%] [34m[1mGenerating C++ type support dispatch for ROS interfaces[0m
[ 29%] [32mBuilding CXX object CMakeFiles/actions_quiz_msg__rosidl_typesupport_cpp.dir/rosidl_typesupport_cpp/actions_quiz_msg/action/distance__type_support.cpp.o[0m
[ 32%] [32m[1mLinking CXX shared library libactions_quiz_msg__rosidl_typesupport_cpp.so[0m
[ 32%] Built target actions_quiz_msg__rosidl_typesupport_cpp
[ 35%] [34m[1mGenerating C code for ROS interfaces[0m
[ 38%] [32mBuilding C object CMakeFiles/actions_quiz_msg__rosidl_generator_c.dir/rosidl_generator_c/actions_quiz_msg/action/detail/distance__functions.c.o[0m
[ 41%] [32m[1mLinking C shared library libactions_quiz_msg__rosidl_generator_c.so[0m
[ 41%] Built target actions_quiz_msg__rosidl_generator_c
[ 45%] [34m[1mGenerating C type support for eProsima Fast-RTPS[0m
[ 48%] [32mBuilding CXX object CMakeFiles/actions_quiz_msg__rosidl_typesupport_fastrtps_c.dir/rosidl_typesupport_fastrtps_c/actions_quiz_msg/action/detail/distance__type_support_c.cpp.o[0m
[ 51%] [32m[1mLinking CXX shared library libactions_quiz_msg__rosidl_typesupport_fastrtps_c.so[0m
[ 51%] Built target actions_quiz_msg__rosidl_typesupport_fastrtps_c
[ 54%] [34m[1mGenerating C type support dispatch for ROS interfaces[0m
[ 58%] [32mBuilding CXX object CMakeFiles/actions_quiz_msg__rosidl_typesupport_c.dir/rosidl_typesupport_c/actions_quiz_msg/action/distance__type_support.cpp.o[0m
[ 61%] [32m[1mLinking CXX shared library libactions_quiz_msg__rosidl_typesupport_c.so[0m
[ 61%] Built target actions_quiz_msg__rosidl_typesupport_c
[ 64%] [34m[1mGenerating C introspection for ROS interfaces[0m
[ 67%] [32mBuilding C object CMakeFiles/actions_quiz_msg__rosidl_typesupport_introspection_c.dir/rosidl_typesupport_introspection_c/actions_quiz_msg/action/detail/distance__type_support.c.o[0m
[ 70%] [32m[1mLinking C shared library libactions_quiz_msg__rosidl_typesupport_introspection_c.so[0m
[ 70%] Built target actions_quiz_msg__rosidl_typesupport_introspection_c
[ 70%] Built target actions_quiz_msg
[ 74%] [34m[1mGenerating Python code for ROS interfaces[0m
[ 74%] Built target actions_quiz_msg__py
[ 77%] [32mBuilding C object CMakeFiles/actions_quiz_msg__rosidl_generator_py.dir/rosidl_generator_py/actions_quiz_msg/action/_distance_s.c.o[0m
[ 80%] [32m[1mLinking C shared library rosidl_generator_py/actions_quiz_msg/libactions_quiz_msg__rosidl_generator_py.so[0m
[ 80%] Built target actions_quiz_msg__rosidl_generator_py
[ 83%] [32mBuilding C object CMakeFiles/actions_quiz_msg__rosidl_typesupport_fastrtps_c__pyext.dir/rosidl_generator_py/actions_quiz_msg/_actions_quiz_msg_s.ep.rosidl_typesupport_fastrtps_c.c.o[0m
[ 87%] [32m[1mLinking C shared library rosidl_generator_py/actions_quiz_msg/actions_quiz_msg_s__rosidl_typesupport_fastrtps_c.cpython-310-x86_64-linux-gnu.so[0m
[ 87%] Built target actions_quiz_msg__rosidl_typesupport_fastrtps_c__pyext
[ 90%] [32mBuilding C object CMakeFiles/actions_quiz_msg__rosidl_typesupport_c__pyext.dir/rosidl_generator_py/actions_quiz_msg/_actions_quiz_msg_s.ep.rosidl_typesupport_c.c.o[0m
[ 93%] [32m[1mLinking C shared library rosidl_generator_py/actions_quiz_msg/actions_quiz_msg_s__rosidl_typesupport_c.cpython-310-x86_64-linux-gnu.so[0m
[ 93%] Built target actions_quiz_msg__rosidl_typesupport_c__pyext
[ 96%] [32mBuilding C object CMakeFiles/actions_quiz_msg__rosidl_typesupport_introspection_c__pyext.dir/rosidl_generator_py/actions_quiz_msg/_actions_quiz_msg_s.ep.rosidl_typesupport_introspection_c.c.o[0m
[100%] [32m[1mLinking C shared library rosidl_generator_py/actions_quiz_msg/actions_quiz_msg_s__rosidl_typesupport_introspection_c.cpython-310-x86_64-linux-gnu.so[0m
[100%] Built target actions_quiz_msg__rosidl_typesupport_introspection_c__pyext
-- Install configuration: ""
-- Installing: /home/user/ros2_ws/install/actions_quiz_msg/share/ament_index/resource_index/rosidl_interfaces/actions_quiz_msg
-- Installing: /home/user/ros2_ws/install/actions_quiz_msg/include/actions_quiz_msg/actions_quiz_msg
-- Installing: /home/user/ros2_ws/install/actions_quiz_msg/include/actions_quiz_msg/actions_quiz_msg/msg
-- Installing: /home/user/ros2_ws/install/actions_quiz_msg/include/actions_quiz_msg/actions_quiz_msg/msg/rosidl_generator_c__visibility_control.h
-- Installing: /home/user/ros2_ws/install/actions_quiz_msg/include/actions_quiz_msg/actions_quiz_msg/action
-- Installing: /home/user/ros2_ws/install/actions_quiz_msg/include/actions_quiz_msg/actions_quiz_msg/action/detail
-- Installing: /home/user/ros2_ws/install/actions_quiz_msg/include/actions_quiz_msg/actions_quiz_msg/action/detail/distance__functions.c
-- Installing: /home/user/ros2_ws/install/actions_quiz_msg/include/actions_quiz_msg/actions_quiz_msg/action/detail/distance__functions.h
-- Installing: /home/user/ros2_ws/install/actions_quiz_msg/include/actions_quiz_msg/actions_quiz_msg/action/detail/distance__type_support.h
-- Installing: /home/user/ros2_ws/install/actions_quiz_msg/include/actions_quiz_msg/actions_quiz_msg/action/detail/distance__struct.h
-- Installing: /home/user/ros2_ws/install/actions_quiz_msg/include/actions_quiz_msg/actions_quiz_msg/action/distance.h
-- Installing: /home/user/ros2_ws/install/actions_quiz_msg/share/actions_quiz_msg/environment/library_path.sh
-- Installing: /home/user/ros2_ws/install/actions_quiz_msg/share/actions_quiz_msg/environment/library_path.dsv
-- Installing: /home/user/ros2_ws/install/actions_quiz_msg/lib/libactions_quiz_msg__rosidl_generator_c.so
-- Set runtime path of "/home/user/ros2_ws/install/actions_quiz_msg/lib/libactions_quiz_msg__rosidl_generator_c.so" to ""
-- Up-to-date: /home/user/ros2_ws/install/actions_quiz_msg/include/actions_quiz_msg/actions_quiz_msg
-- Up-to-date: /home/user/ros2_ws/install/actions_quiz_msg/include/actions_quiz_msg/actions_quiz_msg/msg
-- Installing: /home/user/ros2_ws/install/actions_quiz_msg/include/actions_quiz_msg/actions_quiz_msg/msg/rosidl_typesupport_fastrtps_c__visibility_control.h
-- Up-to-date: /home/user/ros2_ws/install/actions_quiz_msg/include/actions_quiz_msg/actions_quiz_msg/action
-- Up-to-date: /home/user/ros2_ws/install/actions_quiz_msg/include/actions_quiz_msg/actions_quiz_msg/action/detail
-- Installing: /home/user/ros2_ws/install/actions_quiz_msg/include/actions_quiz_msg/actions_quiz_msg/action/detail/distance__rosidl_typesupport_fastrtps_c.h
-- Installing: /home/user/ros2_ws/install/actions_quiz_msg/lib/libactions_quiz_msg__rosidl_typesupport_fastrtps_c.so
-- Set runtime path of "/home/user/ros2_ws/install/actions_quiz_msg/lib/libactions_quiz_msg__rosidl_typesupport_fastrtps_c.so" to ""
-- Up-to-date: /home/user/ros2_ws/install/actions_quiz_msg/include/actions_quiz_msg/actions_quiz_msg
-- Up-to-date: /home/user/ros2_ws/install/actions_quiz_msg/include/actions_quiz_msg/actions_quiz_msg/action
-- Up-to-date: /home/user/ros2_ws/install/actions_quiz_msg/include/actions_quiz_msg/actions_quiz_msg/action/detail
-- Installing: /home/user/ros2_ws/install/actions_quiz_msg/include/actions_quiz_msg/actions_quiz_msg/action/detail/distance__builder.hpp
-- Installing: /home/user/ros2_ws/install/actions_quiz_msg/include/actions_quiz_msg/actions_quiz_msg/action/detail/distance__struct.hpp
-- Installing: /home/user/ros2_ws/install/actions_quiz_msg/include/actions_quiz_msg/actions_quiz_msg/action/detail/distance__traits.hpp
-- Installing: /home/user/ros2_ws/install/actions_quiz_msg/include/actions_quiz_msg/actions_quiz_msg/action/distance.hpp
-- Up-to-date: /home/user/ros2_ws/install/actions_quiz_msg/include/actions_quiz_msg/actions_quiz_msg
-- Up-to-date: /home/user/ros2_ws/install/actions_quiz_msg/include/actions_quiz_msg/actions_quiz_msg/msg
-- Installing: /home/user/ros2_ws/install/actions_quiz_msg/include/actions_quiz_msg/actions_quiz_msg/msg/rosidl_typesupport_fastrtps_cpp__visibility_control.h
-- Up-to-date: /home/user/ros2_ws/install/actions_quiz_msg/include/actions_quiz_msg/actions_quiz_msg/action
-- Up-to-date: /home/user/ros2_ws/install/actions_quiz_msg/include/actions_quiz_msg/actions_quiz_msg/action/detail
-- Installing: /home/user/ros2_ws/install/actions_quiz_msg/include/actions_quiz_msg/actions_quiz_msg/action/detail/distance__rosidl_typesupport_fastrtps_cpp.hpp
-- Installing: /home/user/ros2_ws/install/actions_quiz_msg/include/actions_quiz_msg/actions_quiz_msg/action/detail/dds_fastrtps
-- Installing: /home/user/ros2_ws/install/actions_quiz_msg/lib/libactions_quiz_msg__rosidl_typesupport_fastrtps_cpp.so
-- Set runtime path of "/home/user/ros2_ws/install/actions_quiz_msg/lib/libactions_quiz_msg__rosidl_typesupport_fastrtps_cpp.so" to ""
-- Up-to-date: /home/user/ros2_ws/install/actions_quiz_msg/include/actions_quiz_msg/actions_quiz_msg
-- Up-to-date: /home/user/ros2_ws/install/actions_quiz_msg/include/actions_quiz_msg/actions_quiz_msg/msg
-- Installing: /home/user/ros2_ws/install/actions_quiz_msg/include/actions_quiz_msg/actions_quiz_msg/msg/rosidl_typesupport_introspection_c__visibility_control.h
-- Up-to-date: /home/user/ros2_ws/install/actions_quiz_msg/include/actions_quiz_msg/actions_quiz_msg/action
-- Up-to-date: /home/user/ros2_ws/install/actions_quiz_msg/include/actions_quiz_msg/actions_quiz_msg/action/detail
-- Installing: /home/user/ros2_ws/install/actions_quiz_msg/include/actions_quiz_msg/actions_quiz_msg/action/detail/distance__rosidl_typesupport_introspection_c.h
-- Installing: /home/user/ros2_ws/install/actions_quiz_msg/include/actions_quiz_msg/actions_quiz_msg/action/detail/distance__type_support.c
-- Installing: /home/user/ros2_ws/install/actions_quiz_msg/lib/libactions_quiz_msg__rosidl_typesupport_introspection_c.so
-- Set runtime path of "/home/user/ros2_ws/install/actions_quiz_msg/lib/libactions_quiz_msg__rosidl_typesupport_introspection_c.so" to ""
-- Installing: /home/user/ros2_ws/install/actions_quiz_msg/lib/libactions_quiz_msg__rosidl_typesupport_c.so
-- Set runtime path of "/home/user/ros2_ws/install/actions_quiz_msg/lib/libactions_quiz_msg__rosidl_typesupport_c.so" to ""
-- Up-to-date: /home/user/ros2_ws/install/actions_quiz_msg/include/actions_quiz_msg/actions_quiz_msg
-- Up-to-date: /home/user/ros2_ws/install/actions_quiz_msg/include/actions_quiz_msg/actions_quiz_msg/action
-- Up-to-date: /home/user/ros2_ws/install/actions_quiz_msg/include/actions_quiz_msg/actions_quiz_msg/action/detail
-- Installing: /home/user/ros2_ws/install/actions_quiz_msg/include/actions_quiz_msg/actions_quiz_msg/action/detail/distance__rosidl_typesupport_introspection_cpp.hpp
-- Installing: /home/user/ros2_ws/install/actions_quiz_msg/include/actions_quiz_msg/actions_quiz_msg/action/detail/distance__type_support.cpp
-- Installing: /home/user/ros2_ws/install/actions_quiz_msg/lib/libactions_quiz_msg__rosidl_typesupport_introspection_cpp.so
-- Set runtime path of "/home/user/ros2_ws/install/actions_quiz_msg/lib/libactions_quiz_msg__rosidl_typesupport_introspection_cpp.so" to ""
-- Installing: /home/user/ros2_ws/install/actions_quiz_msg/lib/libactions_quiz_msg__rosidl_typesupport_cpp.so
-- Set runtime path of "/home/user/ros2_ws/install/actions_quiz_msg/lib/libactions_quiz_msg__rosidl_typesupport_cpp.so" to ""
-- Installing: /home/user/ros2_ws/install/actions_quiz_msg/share/actions_quiz_msg/environment/pythonpath.sh
-- Installing: /home/user/ros2_ws/install/actions_quiz_msg/share/actions_quiz_msg/environment/pythonpath.dsv
-- Installing: /home/user/ros2_ws/install/actions_quiz_msg/local/lib/python3.10/dist-packages/actions_quiz_msg-0.0.0-py3.10.egg-info
-- Installing: /home/user/ros2_ws/install/actions_quiz_msg/local/lib/python3.10/dist-packages/actions_quiz_msg-0.0.0-py3.10.egg-info/PKG-INFO
-- Installing: /home/user/ros2_ws/install/actions_quiz_msg/local/lib/python3.10/dist-packages/actions_quiz_msg-0.0.0-py3.10.egg-info/top_level.txt
-- Installing: /home/user/ros2_ws/install/actions_quiz_msg/local/lib/python3.10/dist-packages/actions_quiz_msg-0.0.0-py3.10.egg-info/SOURCES.txt
-- Installing: /home/user/ros2_ws/install/actions_quiz_msg/local/lib/python3.10/dist-packages/actions_quiz_msg-0.0.0-py3.10.egg-info/dependency_links.txt
-- Installing: /home/user/ros2_ws/install/actions_quiz_msg/local/lib/python3.10/dist-packages/actions_quiz_msg
-- Installing: /home/user/ros2_ws/install/actions_quiz_msg/local/lib/python3.10/dist-packages/actions_quiz_msg/actions_quiz_msg_s__rosidl_typesupport_fastrtps_c.cpython-310-x86_64-linux-gnu.so
-- Installing: /home/user/ros2_ws/install/actions_quiz_msg/local/lib/python3.10/dist-packages/actions_quiz_msg/actions_quiz_msg_s__rosidl_typesupport_c.cpython-310-x86_64-linux-gnu.so
-- Installing: /home/user/ros2_ws/install/actions_quiz_msg/local/lib/python3.10/dist-packages/actions_quiz_msg/_actions_quiz_msg_s.ep.rosidl_typesupport_introspection_c.c
-- Installing: /home/user/ros2_ws/install/actions_quiz_msg/local/lib/python3.10/dist-packages/actions_quiz_msg/libactions_quiz_msg__rosidl_generator_py.so
-- Installing: /home/user/ros2_ws/install/actions_quiz_msg/local/lib/python3.10/dist-packages/actions_quiz_msg/actions_quiz_msg_s__rosidl_typesupport_introspection_c.cpython-310-x86_64-linux-gnu.so
-- Installing: /home/user/ros2_ws/install/actions_quiz_msg/local/lib/python3.10/dist-packages/actions_quiz_msg/__init__.py
-- Installing: /home/user/ros2_ws/install/actions_quiz_msg/local/lib/python3.10/dist-packages/actions_quiz_msg/_actions_quiz_msg_s.ep.rosidl_typesupport_fastrtps_c.c
-- Installing: /home/user/ros2_ws/install/actions_quiz_msg/local/lib/python3.10/dist-packages/actions_quiz_msg/_actions_quiz_msg_s.ep.rosidl_typesupport_c.c
-- Installing: /home/user/ros2_ws/install/actions_quiz_msg/local/lib/python3.10/dist-packages/actions_quiz_msg/action
-- Installing: /home/user/ros2_ws/install/actions_quiz_msg/local/lib/python3.10/dist-packages/actions_quiz_msg/action/__init__.py
-- Installing: /home/user/ros2_ws/install/actions_quiz_msg/local/lib/python3.10/dist-packages/actions_quiz_msg/action/_distance_s.c
-- Installing: /home/user/ros2_ws/install/actions_quiz_msg/local/lib/python3.10/dist-packages/actions_quiz_msg/action/_distance.py
Listing '/home/user/ros2_ws/install/actions_quiz_msg/local/lib/python3.10/dist-packages/actions_quiz_msg'...
Compiling '/home/user/ros2_ws/install/actions_quiz_msg/local/lib/python3.10/dist-packages/actions_quiz_msg/__init__.py'...
Listing '/home/user/ros2_ws/install/actions_quiz_msg/local/lib/python3.10/dist-packages/actions_quiz_msg/action'...
Compiling '/home/user/ros2_ws/install/actions_quiz_msg/local/lib/python3.10/dist-packages/actions_quiz_msg/action/__init__.py'...
Compiling '/home/user/ros2_ws/install/actions_quiz_msg/local/lib/python3.10/dist-packages/actions_quiz_msg/action/_distance.py'...
-- Installing: /home/user/ros2_ws/install/actions_quiz_msg/local/lib/python3.10/dist-packages/actions_quiz_msg/actions_quiz_msg_s__rosidl_typesupport_fastrtps_c.cpython-310-x86_64-linux-gnu.so
-- Set runtime path of "/home/user/ros2_ws/install/actions_quiz_msg/local/lib/python3.10/dist-packages/actions_quiz_msg/actions_quiz_msg_s__rosidl_typesupport_fastrtps_c.cpython-310-x86_64-linux-gnu.so" to ""
-- Installing: /home/user/ros2_ws/install/actions_quiz_msg/local/lib/python3.10/dist-packages/actions_quiz_msg/actions_quiz_msg_s__rosidl_typesupport_introspection_c.cpython-310-x86_64-linux-gnu.so
-- Set runtime path of "/home/user/ros2_ws/install/actions_quiz_msg/local/lib/python3.10/dist-packages/actions_quiz_msg/actions_quiz_msg_s__rosidl_typesupport_introspection_c.cpython-310-x86_64-linux-gnu.so" to ""
-- Installing: /home/user/ros2_ws/install/actions_quiz_msg/local/lib/python3.10/dist-packages/actions_quiz_msg/actions_quiz_msg_s__rosidl_typesupport_c.cpython-310-x86_64-linux-gnu.so
-- Set runtime path of "/home/user/ros2_ws/install/actions_quiz_msg/local/lib/python3.10/dist-packages/actions_quiz_msg/actions_quiz_msg_s__rosidl_typesupport_c.cpython-310-x86_64-linux-gnu.so" to ""
-- Installing: /home/user/ros2_ws/install/actions_quiz_msg/lib/libactions_quiz_msg__rosidl_generator_py.so
-- Set runtime path of "/home/user/ros2_ws/install/actions_quiz_msg/lib/libactions_quiz_msg__rosidl_generator_py.so" to ""
-- Installing: /home/user/ros2_ws/install/actions_quiz_msg/share/actions_quiz_msg/action/Distance.idl
-- Installing: /home/user/ros2_ws/install/actions_quiz_msg/share/actions_quiz_msg/action/Distance.action
-- Installing: /home/user/ros2_ws/install/actions_quiz_msg/share/ament_index/resource_index/package_run_dependencies/actions_quiz_msg
-- Installing: /home/user/ros2_ws/install/actions_quiz_msg/share/ament_index/resource_index/parent_prefix_path/actions_quiz_msg
-- Installing: /home/user/ros2_ws/install/actions_quiz_msg/share/actions_quiz_msg/environment/ament_prefix_path.sh
-- Installing: /home/user/ros2_ws/install/actions_quiz_msg/share/actions_quiz_msg/environment/ament_prefix_path.dsv
-- Installing: /home/user/ros2_ws/install/actions_quiz_msg/share/actions_quiz_msg/environment/path.sh
-- Installing: /home/user/ros2_ws/install/actions_quiz_msg/share/actions_quiz_msg/environment/path.dsv
-- Installing: /home/user/ros2_ws/install/actions_quiz_msg/share/actions_quiz_msg/local_setup.bash
-- Installing: /home/user/ros2_ws/install/actions_quiz_msg/share/actions_quiz_msg/local_setup.sh
-- Installing: /home/user/ros2_ws/install/actions_quiz_msg/share/actions_quiz_msg/local_setup.zsh
-- Installing: /home/user/ros2_ws/install/actions_quiz_msg/share/actions_quiz_msg/local_setup.dsv
-- Installing: /home/user/ros2_ws/install/actions_quiz_msg/share/actions_quiz_msg/package.dsv
-- Installing: /home/user/ros2_ws/install/actions_quiz_msg/share/ament_index/resource_index/packages/actions_quiz_msg
-- Installing: /home/user/ros2_ws/install/actions_quiz_msg/share/actions_quiz_msg/cmake/export_actions_quiz_msg__rosidl_generator_cExport.cmake
-- Installing: /home/user/ros2_ws/install/actions_quiz_msg/share/actions_quiz_msg/cmake/export_actions_quiz_msg__rosidl_generator_cExport-noconfig.cmake
-- Installing: /home/user/ros2_ws/install/actions_quiz_msg/share/actions_quiz_msg/cmake/export_actions_quiz_msg__rosidl_typesupport_fastrtps_cExport.cmake
-- Installing: /home/user/ros2_ws/install/actions_quiz_msg/share/actions_quiz_msg/cmake/export_actions_quiz_msg__rosidl_typesupport_fastrtps_cExport-noconfig.cmake
-- Installing: /home/user/ros2_ws/install/actions_quiz_msg/share/actions_quiz_msg/cmake/export_actions_quiz_msg__rosidl_generator_cppExport.cmake
-- Installing: /home/user/ros2_ws/install/actions_quiz_msg/share/actions_quiz_msg/cmake/export_actions_quiz_msg__rosidl_typesupport_fastrtps_cppExport.cmake
-- Installing: /home/user/ros2_ws/install/actions_quiz_msg/share/actions_quiz_msg/cmake/export_actions_quiz_msg__rosidl_typesupport_fastrtps_cppExport-noconfig.cmake
-- Installing: /home/user/ros2_ws/install/actions_quiz_msg/share/actions_quiz_msg/cmake/actions_quiz_msg__rosidl_typesupport_introspection_cExport.cmake
-- Installing: /home/user/ros2_ws/install/actions_quiz_msg/share/actions_quiz_msg/cmake/actions_quiz_msg__rosidl_typesupport_introspection_cExport-noconfig.cmake
-- Installing: /home/user/ros2_ws/install/actions_quiz_msg/share/actions_quiz_msg/cmake/actions_quiz_msg__rosidl_typesupport_cExport.cmake
-- Installing: /home/user/ros2_ws/install/actions_quiz_msg/share/actions_quiz_msg/cmake/actions_quiz_msg__rosidl_typesupport_cExport-noconfig.cmake
-- Installing: /home/user/ros2_ws/install/actions_quiz_msg/share/actions_quiz_msg/cmake/actions_quiz_msg__rosidl_typesupport_introspection_cppExport.cmake
-- Installing: /home/user/ros2_ws/install/actions_quiz_msg/share/actions_quiz_msg/cmake/actions_quiz_msg__rosidl_typesupport_introspection_cppExport-noconfig.cmake
-- Installing: /home/user/ros2_ws/install/actions_quiz_msg/share/actions_quiz_msg/cmake/actions_quiz_msg__rosidl_typesupport_cppExport.cmake
-- Installing: /home/user/ros2_ws/install/actions_quiz_msg/share/actions_quiz_msg/cmake/actions_quiz_msg__rosidl_typesupport_cppExport-noconfig.cmake
-- Installing: /home/user/ros2_ws/install/actions_quiz_msg/share/actions_quiz_msg/cmake/export_actions_quiz_msg__rosidl_generator_pyExport.cmake
-- Installing: /home/user/ros2_ws/install/actions_quiz_msg/share/actions_quiz_msg/cmake/export_actions_quiz_msg__rosidl_generator_pyExport-noconfig.cmake
-- Installing: /home/user/ros2_ws/install/actions_quiz_msg/share/actions_quiz_msg/cmake/rosidl_cmake-extras.cmake
-- Installing: /home/user/ros2_ws/install/actions_quiz_msg/share/actions_quiz_msg/cmake/ament_cmake_export_dependencies-extras.cmake
-- Installing: /home/user/ros2_ws/install/actions_quiz_msg/share/actions_quiz_msg/cmake/ament_cmake_export_include_directories-extras.cmake
-- Installing: /home/user/ros2_ws/install/actions_quiz_msg/share/actions_quiz_msg/cmake/ament_cmake_export_libraries-extras.cmake
-- Installing: /home/user/ros2_ws/install/actions_quiz_msg/share/actions_quiz_msg/cmake/ament_cmake_export_targets-extras.cmake
-- Installing: /home/user/ros2_ws/install/actions_quiz_msg/share/actions_quiz_msg/cmake/rosidl_cmake_export_typesupport_targets-extras.cmake
-- Installing: /home/user/ros2_ws/install/actions_quiz_msg/share/actions_quiz_msg/cmake/rosidl_cmake_export_typesupport_libraries-extras.cmake
-- Installing: /home/user/ros2_ws/install/actions_quiz_msg/share/actions_quiz_msg/cmake/actions_quiz_msgConfig.cmake
-- Installing: /home/user/ros2_ws/install/actions_quiz_msg/share/actions_quiz_msg/cmake/actions_quiz_msgConfig-version.cmake
-- Installing: /home/user/ros2_ws/install/actions_quiz_msg/share/actions_quiz_msg/package.xml
