[0.022s] Invoking command in '/home/user/ros2_ws/build/actions_quiz_msg': CMAKE_PREFIX_PATH=${CMAKE_PREFIX_PATH}:/home/user/quiz_ws/Quizes/ros2_ws/install/ros2_quizzes:/home/simulations/ros2_sims_ws/install/services_pkg:/home/simulations/ros2_sims_ws/install/parameter_tests:/opt/ros/humble _=/usr/bin/env /usr/bin/cmake /home/user/ros2_ws/src/actions_quiz_msg -DCMAKE_INSTALL_PREFIX=/home/user/ros2_ws/install/actions_quiz_msg
[0.085s] -- The C compiler identification is GNU 11.2.0
[0.150s] -- The CXX compiler identification is GNU 11.2.0
[0.158s] -- Detecting C compiler ABI info
[0.241s] -- Detecting C compiler ABI info - done
[0.251s] -- Check for working C compiler: /usr/bin/cc - skipped
[0.252s] -- Detecting C compile features
[0.252s] -- Detecting C compile features - done
[0.257s] -- Detecting CXX compiler ABI info
[0.371s] -- Detecting CXX compiler ABI info - done
[0.384s] -- Check for working CXX compiler: /usr/bin/c++ - skipped
[0.384s] -- Detecting CXX compile features
[0.385s] -- Detecting CXX compile features - done
[0.391s] -- Found ament_cmake: 1.3.2 (/opt/ros/humble/share/ament_cmake/cmake)
[0.629s] -- Found Python3: /usr/bin/python3.10 (found version "3.10.6") found components: Interpreter 
[0.770s] -- Found rclcpp: 16.0.1 (/opt/ros/humble/share/rclcpp/cmake)
[0.871s] -- Found rosidl_generator_c: 3.1.3 (/opt/ros/humble/share/rosidl_generator_c/cmake)
[0.885s] -- Found rosidl_adapter: 3.1.3 (/opt/ros/humble/share/rosidl_adapter/cmake)
[0.903s] -- Found rosidl_generator_cpp: 3.1.3 (/opt/ros/humble/share/rosidl_generator_cpp/cmake)
[0.923s] -- Using all available rosidl_typesupport_c: rosidl_typesupport_fastrtps_c;rosidl_typesupport_introspection_c
[0.959s] -- Using all available rosidl_typesupport_cpp: rosidl_typesupport_fastrtps_cpp;rosidl_typesupport_introspection_cpp
[1.065s] -- Found rmw_implementation_cmake: 6.1.0 (/opt/ros/humble/share/rmw_implementation_cmake/cmake)
[1.071s] -- Found rmw_fastrtps_cpp: 6.2.1 (/opt/ros/humble/share/rmw_fastrtps_cpp/cmake)
[1.203s] -- Found OpenSSL: /usr/lib/x86_64-linux-gnu/libcrypto.so (found version "3.0.2")  
[1.250s] -- Found FastRTPS: /opt/ros/humble/include  
[1.332s] -- Using RMW implementation 'rmw_fastrtps_cpp' as default
[1.560s] -- Found rclcpp_action: 16.0.1 (/opt/ros/humble/share/rclcpp_action/cmake)
[1.695s] -- Found rosidl_default_generators: 1.2.0 (/opt/ros/humble/share/rosidl_default_generators/cmake)
[1.714s] -- Found ament_lint_auto: 0.12.4 (/opt/ros/humble/share/ament_lint_auto/cmake)
[2.073s] -- Found ament_cmake_ros: 0.10.0 (/opt/ros/humble/share/ament_cmake_ros/cmake)
[2.458s] -- Using all available rosidl_typesupport_c: rosidl_typesupport_fastrtps_c;rosidl_typesupport_introspection_c
[2.607s] -- Using all available rosidl_typesupport_cpp: rosidl_typesupport_fastrtps_cpp;rosidl_typesupport_introspection_cpp
[2.633s] -- Found PythonInterp: /usr/bin/python3 (found suitable version "3.10.6", minimum required is "3.6") 
[2.637s] -- Found python_cmake_module: 0.10.0 (/opt/ros/humble/share/python_cmake_module/cmake)
[2.669s] -- Found PythonLibs: /usr/lib/x86_64-linux-gnu/libpython3.10.so (found suitable version "3.10.6", minimum required is "3.5") 
[2.669s] -- Using PYTHON_EXECUTABLE: /usr/bin/python3
[2.670s] -- Using PYTHON_INCLUDE_DIRS: /usr/include/python3.10
[2.670s] -- Using PYTHON_LIBRARIES: /usr/lib/x86_64-linux-gnu/libpython3.10.so
[2.694s] -- Found PythonExtra: .so  
[2.751s] -- Added test 'lint_cmake' to check CMake code style
[2.752s] -- Added test 'xmllint' to check XML markup files
[2.758s] -- Configuring done
[2.804s] -- Generating done
[2.811s] -- Build files have been written to: /home/user/ros2_ws/build/actions_quiz_msg
[2.825s] Invoked command in '/home/user/ros2_ws/build/actions_quiz_msg' returned '0': CMAKE_PREFIX_PATH=${CMAKE_PREFIX_PATH}:/home/user/quiz_ws/Quizes/ros2_ws/install/ros2_quizzes:/home/simulations/ros2_sims_ws/install/services_pkg:/home/simulations/ros2_sims_ws/install/parameter_tests:/opt/ros/humble _=/usr/bin/env /usr/bin/cmake /home/user/ros2_ws/src/actions_quiz_msg -DCMAKE_INSTALL_PREFIX=/home/user/ros2_ws/install/actions_quiz_msg
[2.828s] Invoking command in '/home/user/ros2_ws/build/actions_quiz_msg': CMAKE_PREFIX_PATH=${CMAKE_PREFIX_PATH}:/home/user/quiz_ws/Quizes/ros2_ws/install/ros2_quizzes:/home/simulations/ros2_sims_ws/install/services_pkg:/home/simulations/ros2_sims_ws/install/parameter_tests:/opt/ros/humble _=/usr/bin/env /usr/bin/cmake --build /home/user/ros2_ws/build/actions_quiz_msg -- -j8 -l8
[2.884s] [  3%] [34m[1mGenerating C++ code for ROS interfaces[0m
[3.461s] [  3%] Built target actions_quiz_msg__cpp
[3.495s] [  3%] Built target ament_cmake_python_copy_actions_quiz_msg
[3.506s] [  6%] [34m[1mGenerating C++ introspection for ROS interfaces[0m
[3.977s] [  9%] [32mBuilding CXX object CMakeFiles/actions_quiz_msg__rosidl_typesupport_introspection_cpp.dir/rosidl_typesupport_introspection_cpp/actions_quiz_msg/action/detail/distance__type_support.cpp.o[0m
[4.822s] [ 12%] [32m[1mLinking CXX shared library libactions_quiz_msg__rosidl_typesupport_introspection_cpp.so[0m
[4.936s] [ 12%] Built target actions_quiz_msg__rosidl_typesupport_introspection_cpp
[5.348s] running egg_info
[5.349s] creating actions_quiz_msg.egg-info
[5.349s] writing actions_quiz_msg.egg-info/PKG-INFO
[5.349s] writing dependency_links to actions_quiz_msg.egg-info/dependency_links.txt
[5.350s] writing top-level names to actions_quiz_msg.egg-info/top_level.txt
[5.350s] writing manifest file 'actions_quiz_msg.egg-info/SOURCES.txt'
[5.353s] reading manifest file 'actions_quiz_msg.egg-info/SOURCES.txt'
[5.354s] writing manifest file 'actions_quiz_msg.egg-info/SOURCES.txt'
[5.387s] [ 12%] Built target ament_cmake_python_build_actions_quiz_msg_egg
[5.400s] [ 16%] [34m[1mGenerating C++ type support for eProsima Fast-RTPS[0m
[5.980s] [ 19%] [32mBuilding CXX object CMakeFiles/actions_quiz_msg__rosidl_typesupport_fastrtps_cpp.dir/rosidl_typesupport_fastrtps_cpp/actions_quiz_msg/action/detail/dds_fastrtps/distance__type_support.cpp.o[0m
[6.755s] [ 22%] [32m[1mLinking CXX shared library libactions_quiz_msg__rosidl_typesupport_fastrtps_cpp.so[0m
[6.841s] [ 22%] Built target actions_quiz_msg__rosidl_typesupport_fastrtps_cpp
[6.852s] [ 25%] [34m[1mGenerating C++ type support dispatch for ROS interfaces[0m
[7.189s] [ 29%] [32mBuilding CXX object CMakeFiles/actions_quiz_msg__rosidl_typesupport_cpp.dir/rosidl_typesupport_cpp/actions_quiz_msg/action/distance__type_support.cpp.o[0m
[7.693s] [ 32%] [32m[1mLinking CXX shared library libactions_quiz_msg__rosidl_typesupport_cpp.so[0m
[7.744s] [ 32%] Built target actions_quiz_msg__rosidl_typesupport_cpp
[7.754s] [ 35%] [34m[1mGenerating C code for ROS interfaces[0m
[8.334s] [ 38%] [32mBuilding C object CMakeFiles/actions_quiz_msg__rosidl_generator_c.dir/rosidl_generator_c/actions_quiz_msg/action/detail/distance__functions.c.o[0m
[8.482s] [ 41%] [32m[1mLinking C shared library libactions_quiz_msg__rosidl_generator_c.so[0m
[8.524s] [ 41%] Built target actions_quiz_msg__rosidl_generator_c
[8.535s] [ 45%] [34m[1mGenerating C type support for eProsima Fast-RTPS[0m
[9.009s] [ 48%] [32mBuilding CXX object CMakeFiles/actions_quiz_msg__rosidl_typesupport_fastrtps_c.dir/rosidl_typesupport_fastrtps_c/actions_quiz_msg/action/detail/distance__type_support_c.cpp.o[0m
[9.476s] [ 51%] [32m[1mLinking CXX shared library libactions_quiz_msg__rosidl_typesupport_fastrtps_c.so[0m
[9.565s] [ 51%] Built target actions_quiz_msg__rosidl_typesupport_fastrtps_c
[9.575s] [ 54%] [34m[1mGenerating C type support dispatch for ROS interfaces[0m
[9.932s] [ 58%] [32mBuilding CXX object CMakeFiles/actions_quiz_msg__rosidl_typesupport_c.dir/rosidl_typesupport_c/actions_quiz_msg/action/distance__type_support.cpp.o[0m
[9.989s] [ 61%] [32m[1mLinking CXX shared library libactions_quiz_msg__rosidl_typesupport_c.so[0m
[10.042s] [ 61%] Built target actions_quiz_msg__rosidl_typesupport_c
[10.054s] [ 64%] [34m[1mGenerating C introspection for ROS interfaces[0m
[10.488s] [ 67%] [32mBuilding C object CMakeFiles/actions_quiz_msg__rosidl_typesupport_introspection_c.dir/rosidl_typesupport_introspection_c/actions_quiz_msg/action/detail/distance__type_support.c.o[0m
[10.545s] [ 70%] [32m[1mLinking C shared library libactions_quiz_msg__rosidl_typesupport_introspection_c.so[0m
[10.581s] [ 70%] Built target actions_quiz_msg__rosidl_typesupport_introspection_c
[10.603s] [ 70%] Built target actions_quiz_msg
[10.623s] [ 74%] [34m[1mGenerating Python code for ROS interfaces[0m
[11.630s] [ 74%] Built target actions_quiz_msg__py
[11.653s] [ 77%] [32mBuilding C object CMakeFiles/actions_quiz_msg__rosidl_generator_py.dir/rosidl_generator_py/actions_quiz_msg/action/_distance_s.c.o[0m
[11.834s] [ 80%] [32m[1mLinking C shared library rosidl_generator_py/actions_quiz_msg/libactions_quiz_msg__rosidl_generator_py.so[0m
[11.890s] [ 80%] Built target actions_quiz_msg__rosidl_generator_py
[11.915s] [ 83%] [32mBuilding C object CMakeFiles/actions_quiz_msg__rosidl_typesupport_fastrtps_c__pyext.dir/rosidl_generator_py/actions_quiz_msg/_actions_quiz_msg_s.ep.rosidl_typesupport_fastrtps_c.c.o[0m
[12.081s] [ 87%] [32m[1mLinking C shared library rosidl_generator_py/actions_quiz_msg/actions_quiz_msg_s__rosidl_typesupport_fastrtps_c.cpython-310-x86_64-linux-gnu.so[0m
[12.138s] [ 87%] Built target actions_quiz_msg__rosidl_typesupport_fastrtps_c__pyext
[12.165s] [ 90%] [32mBuilding C object CMakeFiles/actions_quiz_msg__rosidl_typesupport_c__pyext.dir/rosidl_generator_py/actions_quiz_msg/_actions_quiz_msg_s.ep.rosidl_typesupport_c.c.o[0m
[12.331s] [ 93%] [32m[1mLinking C shared library rosidl_generator_py/actions_quiz_msg/actions_quiz_msg_s__rosidl_typesupport_c.cpython-310-x86_64-linux-gnu.so[0m
[12.393s] [ 93%] Built target actions_quiz_msg__rosidl_typesupport_c__pyext
[12.419s] [ 96%] [32mBuilding C object CMakeFiles/actions_quiz_msg__rosidl_typesupport_introspection_c__pyext.dir/rosidl_generator_py/actions_quiz_msg/_actions_quiz_msg_s.ep.rosidl_typesupport_introspection_c.c.o[0m
[12.581s] [100%] [32m[1mLinking C shared library rosidl_generator_py/actions_quiz_msg/actions_quiz_msg_s__rosidl_typesupport_introspection_c.cpython-310-x86_64-linux-gnu.so[0m
[12.639s] [100%] Built target actions_quiz_msg__rosidl_typesupport_introspection_c__pyext
[12.654s] Invoked command in '/home/user/ros2_ws/build/actions_quiz_msg' returned '0': CMAKE_PREFIX_PATH=${CMAKE_PREFIX_PATH}:/home/user/quiz_ws/Quizes/ros2_ws/install/ros2_quizzes:/home/simulations/ros2_sims_ws/install/services_pkg:/home/simulations/ros2_sims_ws/install/parameter_tests:/opt/ros/humble _=/usr/bin/env /usr/bin/cmake --build /home/user/ros2_ws/build/actions_quiz_msg -- -j8 -l8
[12.763s] Invoking command in '/home/user/ros2_ws/build/actions_quiz_msg': CMAKE_PREFIX_PATH=${CMAKE_PREFIX_PATH}:/home/user/quiz_ws/Quizes/ros2_ws/install/ros2_quizzes:/home/simulations/ros2_sims_ws/install/services_pkg:/home/simulations/ros2_sims_ws/install/parameter_tests:/opt/ros/humble _=/usr/bin/env /usr/bin/cmake --install /home/user/ros2_ws/build/actions_quiz_msg
[12.771s] -- Install configuration: ""
[12.771s] -- Installing: /home/user/ros2_ws/install/actions_quiz_msg/share/ament_index/resource_index/rosidl_interfaces/actions_quiz_msg
[12.772s] -- Installing: /home/user/ros2_ws/install/actions_quiz_msg/include/actions_quiz_msg/actions_quiz_msg
[12.772s] -- Installing: /home/user/ros2_ws/install/actions_quiz_msg/include/actions_quiz_msg/actions_quiz_msg/msg
[12.772s] -- Installing: /home/user/ros2_ws/install/actions_quiz_msg/include/actions_quiz_msg/actions_quiz_msg/msg/rosidl_generator_c__visibility_control.h
[12.772s] -- Installing: /home/user/ros2_ws/install/actions_quiz_msg/include/actions_quiz_msg/actions_quiz_msg/action
[12.772s] -- Installing: /home/user/ros2_ws/install/actions_quiz_msg/include/actions_quiz_msg/actions_quiz_msg/action/detail
[12.773s] -- Installing: /home/user/ros2_ws/install/actions_quiz_msg/include/actions_quiz_msg/actions_quiz_msg/action/detail/distance__functions.c
[12.773s] -- Installing: /home/user/ros2_ws/install/actions_quiz_msg/include/actions_quiz_msg/actions_quiz_msg/action/detail/distance__functions.h
[12.773s] -- Installing: /home/user/ros2_ws/install/actions_quiz_msg/include/actions_quiz_msg/actions_quiz_msg/action/detail/distance__type_support.h
[12.773s] -- Installing: /home/user/ros2_ws/install/actions_quiz_msg/include/actions_quiz_msg/actions_quiz_msg/action/detail/distance__struct.h
[12.774s] -- Installing: /home/user/ros2_ws/install/actions_quiz_msg/include/actions_quiz_msg/actions_quiz_msg/action/distance.h
[12.774s] -- Installing: /home/user/ros2_ws/install/actions_quiz_msg/share/actions_quiz_msg/environment/library_path.sh
[12.774s] -- Installing: /home/user/ros2_ws/install/actions_quiz_msg/share/actions_quiz_msg/environment/library_path.dsv
[12.774s] -- Installing: /home/user/ros2_ws/install/actions_quiz_msg/lib/libactions_quiz_msg__rosidl_generator_c.so
[12.775s] -- Set runtime path of "/home/user/ros2_ws/install/actions_quiz_msg/lib/libactions_quiz_msg__rosidl_generator_c.so" to ""
[12.775s] -- Up-to-date: /home/user/ros2_ws/install/actions_quiz_msg/include/actions_quiz_msg/actions_quiz_msg
[12.775s] -- Up-to-date: /home/user/ros2_ws/install/actions_quiz_msg/include/actions_quiz_msg/actions_quiz_msg/msg
[12.775s] -- Installing: /home/user/ros2_ws/install/actions_quiz_msg/include/actions_quiz_msg/actions_quiz_msg/msg/rosidl_typesupport_fastrtps_c__visibility_control.h
[12.775s] -- Up-to-date: /home/user/ros2_ws/install/actions_quiz_msg/include/actions_quiz_msg/actions_quiz_msg/action
[12.775s] -- Up-to-date: /home/user/ros2_ws/install/actions_quiz_msg/include/actions_quiz_msg/actions_quiz_msg/action/detail
[12.776s] -- Installing: /home/user/ros2_ws/install/actions_quiz_msg/include/actions_quiz_msg/actions_quiz_msg/action/detail/distance__rosidl_typesupport_fastrtps_c.h
[12.776s] -- Installing: /home/user/ros2_ws/install/actions_quiz_msg/lib/libactions_quiz_msg__rosidl_typesupport_fastrtps_c.so
[12.776s] -- Set runtime path of "/home/user/ros2_ws/install/actions_quiz_msg/lib/libactions_quiz_msg__rosidl_typesupport_fastrtps_c.so" to ""
[12.777s] -- Up-to-date: /home/user/ros2_ws/install/actions_quiz_msg/include/actions_quiz_msg/actions_quiz_msg
[12.777s] -- Up-to-date: /home/user/ros2_ws/install/actions_quiz_msg/include/actions_quiz_msg/actions_quiz_msg/action
[12.777s] -- Up-to-date: /home/user/ros2_ws/install/actions_quiz_msg/include/actions_quiz_msg/actions_quiz_msg/action/detail
[12.777s] -- Installing: /home/user/ros2_ws/install/actions_quiz_msg/include/actions_quiz_msg/actions_quiz_msg/action/detail/distance__builder.hpp
[12.777s] -- Installing: /home/user/ros2_ws/install/actions_quiz_msg/include/actions_quiz_msg/actions_quiz_msg/action/detail/distance__struct.hpp
[12.777s] -- Installing: /home/user/ros2_ws/install/actions_quiz_msg/include/actions_quiz_msg/actions_quiz_msg/action/detail/distance__traits.hpp
[12.777s] -- Installing: /home/user/ros2_ws/install/actions_quiz_msg/include/actions_quiz_msg/actions_quiz_msg/action/distance.hpp
[12.777s] -- Up-to-date: /home/user/ros2_ws/install/actions_quiz_msg/include/actions_quiz_msg/actions_quiz_msg
[12.777s] -- Up-to-date: /home/user/ros2_ws/install/actions_quiz_msg/include/actions_quiz_msg/actions_quiz_msg/msg
[12.778s] -- Installing: /home/user/ros2_ws/install/actions_quiz_msg/include/actions_quiz_msg/actions_quiz_msg/msg/rosidl_typesupport_fastrtps_cpp__visibility_control.h
[12.778s] -- Up-to-date: /home/user/ros2_ws/install/actions_quiz_msg/include/actions_quiz_msg/actions_quiz_msg/action
[12.778s] -- Up-to-date: /home/user/ros2_ws/install/actions_quiz_msg/include/actions_quiz_msg/actions_quiz_msg/action/detail
[12.778s] -- Installing: /home/user/ros2_ws/install/actions_quiz_msg/include/actions_quiz_msg/actions_quiz_msg/action/detail/distance__rosidl_typesupport_fastrtps_cpp.hpp
[12.778s] -- Installing: /home/user/ros2_ws/install/actions_quiz_msg/include/actions_quiz_msg/actions_quiz_msg/action/detail/dds_fastrtps
[12.778s] -- Installing: /home/user/ros2_ws/install/actions_quiz_msg/lib/libactions_quiz_msg__rosidl_typesupport_fastrtps_cpp.so
[12.778s] -- Set runtime path of "/home/user/ros2_ws/install/actions_quiz_msg/lib/libactions_quiz_msg__rosidl_typesupport_fastrtps_cpp.so" to ""
[12.778s] -- Up-to-date: /home/user/ros2_ws/install/actions_quiz_msg/include/actions_quiz_msg/actions_quiz_msg
[12.779s] -- Up-to-date: /home/user/ros2_ws/install/actions_quiz_msg/include/actions_quiz_msg/actions_quiz_msg/msg
[12.779s] -- Installing: /home/user/ros2_ws/install/actions_quiz_msg/include/actions_quiz_msg/actions_quiz_msg/msg/rosidl_typesupport_introspection_c__visibility_control.h
[12.779s] -- Up-to-date: /home/user/ros2_ws/install/actions_quiz_msg/include/actions_quiz_msg/actions_quiz_msg/action
[12.779s] -- Up-to-date: /home/user/ros2_ws/install/actions_quiz_msg/include/actions_quiz_msg/actions_quiz_msg/action/detail
[12.779s] -- Installing: /home/user/ros2_ws/install/actions_quiz_msg/include/actions_quiz_msg/actions_quiz_msg/action/detail/distance__rosidl_typesupport_introspection_c.h
[12.779s] -- Installing: /home/user/ros2_ws/install/actions_quiz_msg/include/actions_quiz_msg/actions_quiz_msg/action/detail/distance__type_support.c
[12.779s] -- Installing: /home/user/ros2_ws/install/actions_quiz_msg/lib/libactions_quiz_msg__rosidl_typesupport_introspection_c.so
[12.779s] -- Set runtime path of "/home/user/ros2_ws/install/actions_quiz_msg/lib/libactions_quiz_msg__rosidl_typesupport_introspection_c.so" to ""
[12.779s] -- Installing: /home/user/ros2_ws/install/actions_quiz_msg/lib/libactions_quiz_msg__rosidl_typesupport_c.so
[12.780s] -- Set runtime path of "/home/user/ros2_ws/install/actions_quiz_msg/lib/libactions_quiz_msg__rosidl_typesupport_c.so" to ""
[12.780s] -- Up-to-date: /home/user/ros2_ws/install/actions_quiz_msg/include/actions_quiz_msg/actions_quiz_msg
[12.780s] -- Up-to-date: /home/user/ros2_ws/install/actions_quiz_msg/include/actions_quiz_msg/actions_quiz_msg/action
[12.780s] -- Up-to-date: /home/user/ros2_ws/install/actions_quiz_msg/include/actions_quiz_msg/actions_quiz_msg/action/detail
[12.780s] -- Installing: /home/user/ros2_ws/install/actions_quiz_msg/include/actions_quiz_msg/actions_quiz_msg/action/detail/distance__rosidl_typesupport_introspection_cpp.hpp
[12.781s] -- Installing: /home/user/ros2_ws/install/actions_quiz_msg/include/actions_quiz_msg/actions_quiz_msg/action/detail/distance__type_support.cpp
[12.781s] -- Installing: /home/user/ros2_ws/install/actions_quiz_msg/lib/libactions_quiz_msg__rosidl_typesupport_introspection_cpp.so
[12.781s] -- Set runtime path of "/home/user/ros2_ws/install/actions_quiz_msg/lib/libactions_quiz_msg__rosidl_typesupport_introspection_cpp.so" to ""
[12.781s] -- Installing: /home/user/ros2_ws/install/actions_quiz_msg/lib/libactions_quiz_msg__rosidl_typesupport_cpp.so
[12.781s] -- Set runtime path of "/home/user/ros2_ws/install/actions_quiz_msg/lib/libactions_quiz_msg__rosidl_typesupport_cpp.so" to ""
[12.782s] -- Installing: /home/user/ros2_ws/install/actions_quiz_msg/share/actions_quiz_msg/environment/pythonpath.sh
[12.782s] -- Installing: /home/user/ros2_ws/install/actions_quiz_msg/share/actions_quiz_msg/environment/pythonpath.dsv
[12.782s] -- Installing: /home/user/ros2_ws/install/actions_quiz_msg/local/lib/python3.10/dist-packages/actions_quiz_msg-0.0.0-py3.10.egg-info
[12.782s] -- Installing: /home/user/ros2_ws/install/actions_quiz_msg/local/lib/python3.10/dist-packages/actions_quiz_msg-0.0.0-py3.10.egg-info/PKG-INFO
[12.782s] -- Installing: /home/user/ros2_ws/install/actions_quiz_msg/local/lib/python3.10/dist-packages/actions_quiz_msg-0.0.0-py3.10.egg-info/top_level.txt
[12.782s] -- Installing: /home/user/ros2_ws/install/actions_quiz_msg/local/lib/python3.10/dist-packages/actions_quiz_msg-0.0.0-py3.10.egg-info/SOURCES.txt
[12.782s] -- Installing: /home/user/ros2_ws/install/actions_quiz_msg/local/lib/python3.10/dist-packages/actions_quiz_msg-0.0.0-py3.10.egg-info/dependency_links.txt
[12.783s] -- Installing: /home/user/ros2_ws/install/actions_quiz_msg/local/lib/python3.10/dist-packages/actions_quiz_msg
[12.783s] -- Installing: /home/user/ros2_ws/install/actions_quiz_msg/local/lib/python3.10/dist-packages/actions_quiz_msg/actions_quiz_msg_s__rosidl_typesupport_fastrtps_c.cpython-310-x86_64-linux-gnu.so
[12.783s] -- Installing: /home/user/ros2_ws/install/actions_quiz_msg/local/lib/python3.10/dist-packages/actions_quiz_msg/actions_quiz_msg_s__rosidl_typesupport_c.cpython-310-x86_64-linux-gnu.so
[12.783s] -- Installing: /home/user/ros2_ws/install/actions_quiz_msg/local/lib/python3.10/dist-packages/actions_quiz_msg/_actions_quiz_msg_s.ep.rosidl_typesupport_introspection_c.c
[12.784s] -- Installing: /home/user/ros2_ws/install/actions_quiz_msg/local/lib/python3.10/dist-packages/actions_quiz_msg/libactions_quiz_msg__rosidl_generator_py.so
[12.784s] -- Installing: /home/user/ros2_ws/install/actions_quiz_msg/local/lib/python3.10/dist-packages/actions_quiz_msg/actions_quiz_msg_s__rosidl_typesupport_introspection_c.cpython-310-x86_64-linux-gnu.so
[12.785s] -- Installing: /home/user/ros2_ws/install/actions_quiz_msg/local/lib/python3.10/dist-packages/actions_quiz_msg/__init__.py
[12.785s] -- Installing: /home/user/ros2_ws/install/actions_quiz_msg/local/lib/python3.10/dist-packages/actions_quiz_msg/_actions_quiz_msg_s.ep.rosidl_typesupport_fastrtps_c.c
[12.785s] -- Installing: /home/user/ros2_ws/install/actions_quiz_msg/local/lib/python3.10/dist-packages/actions_quiz_msg/_actions_quiz_msg_s.ep.rosidl_typesupport_c.c
[12.785s] -- Installing: /home/user/ros2_ws/install/actions_quiz_msg/local/lib/python3.10/dist-packages/actions_quiz_msg/action
[12.785s] -- Installing: /home/user/ros2_ws/install/actions_quiz_msg/local/lib/python3.10/dist-packages/actions_quiz_msg/action/__init__.py
[12.785s] -- Installing: /home/user/ros2_ws/install/actions_quiz_msg/local/lib/python3.10/dist-packages/actions_quiz_msg/action/_distance_s.c
[12.785s] -- Installing: /home/user/ros2_ws/install/actions_quiz_msg/local/lib/python3.10/dist-packages/actions_quiz_msg/action/_distance.py
[12.832s] Listing '/home/user/ros2_ws/install/actions_quiz_msg/local/lib/python3.10/dist-packages/actions_quiz_msg'...
[12.833s] Compiling '/home/user/ros2_ws/install/actions_quiz_msg/local/lib/python3.10/dist-packages/actions_quiz_msg/__init__.py'...
[12.833s] Listing '/home/user/ros2_ws/install/actions_quiz_msg/local/lib/python3.10/dist-packages/actions_quiz_msg/action'...
[12.833s] Compiling '/home/user/ros2_ws/install/actions_quiz_msg/local/lib/python3.10/dist-packages/actions_quiz_msg/action/__init__.py'...
[12.833s] Compiling '/home/user/ros2_ws/install/actions_quiz_msg/local/lib/python3.10/dist-packages/actions_quiz_msg/action/_distance.py'...
[12.838s] -- Installing: /home/user/ros2_ws/install/actions_quiz_msg/local/lib/python3.10/dist-packages/actions_quiz_msg/actions_quiz_msg_s__rosidl_typesupport_fastrtps_c.cpython-310-x86_64-linux-gnu.so
[12.839s] -- Set runtime path of "/home/user/ros2_ws/install/actions_quiz_msg/local/lib/python3.10/dist-packages/actions_quiz_msg/actions_quiz_msg_s__rosidl_typesupport_fastrtps_c.cpython-310-x86_64-linux-gnu.so" to ""
[12.839s] -- Installing: /home/user/ros2_ws/install/actions_quiz_msg/local/lib/python3.10/dist-packages/actions_quiz_msg/actions_quiz_msg_s__rosidl_typesupport_introspection_c.cpython-310-x86_64-linux-gnu.so
[12.839s] -- Set runtime path of "/home/user/ros2_ws/install/actions_quiz_msg/local/lib/python3.10/dist-packages/actions_quiz_msg/actions_quiz_msg_s__rosidl_typesupport_introspection_c.cpython-310-x86_64-linux-gnu.so" to ""
[12.840s] -- Installing: /home/user/ros2_ws/install/actions_quiz_msg/local/lib/python3.10/dist-packages/actions_quiz_msg/actions_quiz_msg_s__rosidl_typesupport_c.cpython-310-x86_64-linux-gnu.so
[12.840s] -- Set runtime path of "/home/user/ros2_ws/install/actions_quiz_msg/local/lib/python3.10/dist-packages/actions_quiz_msg/actions_quiz_msg_s__rosidl_typesupport_c.cpython-310-x86_64-linux-gnu.so" to ""
[12.841s] -- Installing: /home/user/ros2_ws/install/actions_quiz_msg/lib/libactions_quiz_msg__rosidl_generator_py.so
[12.841s] -- Set runtime path of "/home/user/ros2_ws/install/actions_quiz_msg/lib/libactions_quiz_msg__rosidl_generator_py.so" to ""
[12.841s] -- Installing: /home/user/ros2_ws/install/actions_quiz_msg/share/actions_quiz_msg/action/Distance.idl
[12.841s] -- Installing: /home/user/ros2_ws/install/actions_quiz_msg/share/actions_quiz_msg/action/Distance.action
[12.841s] -- Installing: /home/user/ros2_ws/install/actions_quiz_msg/share/ament_index/resource_index/package_run_dependencies/actions_quiz_msg
[12.842s] -- Installing: /home/user/ros2_ws/install/actions_quiz_msg/share/ament_index/resource_index/parent_prefix_path/actions_quiz_msg
[12.842s] -- Installing: /home/user/ros2_ws/install/actions_quiz_msg/share/actions_quiz_msg/environment/ament_prefix_path.sh
[12.842s] -- Installing: /home/user/ros2_ws/install/actions_quiz_msg/share/actions_quiz_msg/environment/ament_prefix_path.dsv
[12.842s] -- Installing: /home/user/ros2_ws/install/actions_quiz_msg/share/actions_quiz_msg/environment/path.sh
[12.842s] -- Installing: /home/user/ros2_ws/install/actions_quiz_msg/share/actions_quiz_msg/environment/path.dsv
[12.843s] -- Installing: /home/user/ros2_ws/install/actions_quiz_msg/share/actions_quiz_msg/local_setup.bash
[12.843s] -- Installing: /home/user/ros2_ws/install/actions_quiz_msg/share/actions_quiz_msg/local_setup.sh
[12.843s] -- Installing: /home/user/ros2_ws/install/actions_quiz_msg/share/actions_quiz_msg/local_setup.zsh
[12.843s] -- Installing: /home/user/ros2_ws/install/actions_quiz_msg/share/actions_quiz_msg/local_setup.dsv
[12.843s] -- Installing: /home/user/ros2_ws/install/actions_quiz_msg/share/actions_quiz_msg/package.dsv
[12.844s] -- Installing: /home/user/ros2_ws/install/actions_quiz_msg/share/ament_index/resource_index/packages/actions_quiz_msg
[12.844s] -- Installing: /home/user/ros2_ws/install/actions_quiz_msg/share/actions_quiz_msg/cmake/export_actions_quiz_msg__rosidl_generator_cExport.cmake
[12.844s] -- Installing: /home/user/ros2_ws/install/actions_quiz_msg/share/actions_quiz_msg/cmake/export_actions_quiz_msg__rosidl_generator_cExport-noconfig.cmake
[12.844s] -- Installing: /home/user/ros2_ws/install/actions_quiz_msg/share/actions_quiz_msg/cmake/export_actions_quiz_msg__rosidl_typesupport_fastrtps_cExport.cmake
[12.844s] -- Installing: /home/user/ros2_ws/install/actions_quiz_msg/share/actions_quiz_msg/cmake/export_actions_quiz_msg__rosidl_typesupport_fastrtps_cExport-noconfig.cmake
[12.845s] -- Installing: /home/user/ros2_ws/install/actions_quiz_msg/share/actions_quiz_msg/cmake/export_actions_quiz_msg__rosidl_generator_cppExport.cmake
[12.845s] -- Installing: /home/user/ros2_ws/install/actions_quiz_msg/share/actions_quiz_msg/cmake/export_actions_quiz_msg__rosidl_typesupport_fastrtps_cppExport.cmake
[12.845s] -- Installing: /home/user/ros2_ws/install/actions_quiz_msg/share/actions_quiz_msg/cmake/export_actions_quiz_msg__rosidl_typesupport_fastrtps_cppExport-noconfig.cmake
[12.845s] -- Installing: /home/user/ros2_ws/install/actions_quiz_msg/share/actions_quiz_msg/cmake/actions_quiz_msg__rosidl_typesupport_introspection_cExport.cmake
[12.845s] -- Installing: /home/user/ros2_ws/install/actions_quiz_msg/share/actions_quiz_msg/cmake/actions_quiz_msg__rosidl_typesupport_introspection_cExport-noconfig.cmake
[12.846s] -- Installing: /home/user/ros2_ws/install/actions_quiz_msg/share/actions_quiz_msg/cmake/actions_quiz_msg__rosidl_typesupport_cExport.cmake
[12.846s] -- Installing: /home/user/ros2_ws/install/actions_quiz_msg/share/actions_quiz_msg/cmake/actions_quiz_msg__rosidl_typesupport_cExport-noconfig.cmake
[12.846s] -- Installing: /home/user/ros2_ws/install/actions_quiz_msg/share/actions_quiz_msg/cmake/actions_quiz_msg__rosidl_typesupport_introspection_cppExport.cmake
[12.846s] -- Installing: /home/user/ros2_ws/install/actions_quiz_msg/share/actions_quiz_msg/cmake/actions_quiz_msg__rosidl_typesupport_introspection_cppExport-noconfig.cmake
[12.846s] -- Installing: /home/user/ros2_ws/install/actions_quiz_msg/share/actions_quiz_msg/cmake/actions_quiz_msg__rosidl_typesupport_cppExport.cmake
[12.847s] -- Installing: /home/user/ros2_ws/install/actions_quiz_msg/share/actions_quiz_msg/cmake/actions_quiz_msg__rosidl_typesupport_cppExport-noconfig.cmake
[12.847s] -- Installing: /home/user/ros2_ws/install/actions_quiz_msg/share/actions_quiz_msg/cmake/export_actions_quiz_msg__rosidl_generator_pyExport.cmake
[12.847s] -- Installing: /home/user/ros2_ws/install/actions_quiz_msg/share/actions_quiz_msg/cmake/export_actions_quiz_msg__rosidl_generator_pyExport-noconfig.cmake
[12.847s] -- Installing: /home/user/ros2_ws/install/actions_quiz_msg/share/actions_quiz_msg/cmake/rosidl_cmake-extras.cmake
[12.847s] -- Installing: /home/user/ros2_ws/install/actions_quiz_msg/share/actions_quiz_msg/cmake/ament_cmake_export_dependencies-extras.cmake
[12.847s] -- Installing: /home/user/ros2_ws/install/actions_quiz_msg/share/actions_quiz_msg/cmake/ament_cmake_export_include_directories-extras.cmake
[12.848s] -- Installing: /home/user/ros2_ws/install/actions_quiz_msg/share/actions_quiz_msg/cmake/ament_cmake_export_libraries-extras.cmake
[12.848s] -- Installing: /home/user/ros2_ws/install/actions_quiz_msg/share/actions_quiz_msg/cmake/ament_cmake_export_targets-extras.cmake
[12.848s] -- Installing: /home/user/ros2_ws/install/actions_quiz_msg/share/actions_quiz_msg/cmake/rosidl_cmake_export_typesupport_targets-extras.cmake
[12.848s] -- Installing: /home/user/ros2_ws/install/actions_quiz_msg/share/actions_quiz_msg/cmake/rosidl_cmake_export_typesupport_libraries-extras.cmake
[12.848s] -- Installing: /home/user/ros2_ws/install/actions_quiz_msg/share/actions_quiz_msg/cmake/actions_quiz_msgConfig.cmake
[12.849s] -- Installing: /home/user/ros2_ws/install/actions_quiz_msg/share/actions_quiz_msg/cmake/actions_quiz_msgConfig-version.cmake
[12.849s] -- Installing: /home/user/ros2_ws/install/actions_quiz_msg/share/actions_quiz_msg/package.xml
[12.852s] Invoked command in '/home/user/ros2_ws/build/actions_quiz_msg' returned '0': CMAKE_PREFIX_PATH=${CMAKE_PREFIX_PATH}:/home/user/quiz_ws/Quizes/ros2_ws/install/ros2_quizzes:/home/simulations/ros2_sims_ws/install/services_pkg:/home/simulations/ros2_sims_ws/install/parameter_tests:/opt/ros/humble _=/usr/bin/env /usr/bin/cmake --install /home/user/ros2_ws/build/actions_quiz_msg
